9r4jnp e8e6lk2 e8e9sp9 e8egd28 e8ehazq e8eksh7 e8el96j e8emvf2 e8eq1jo e8eqa2g e8ell6v e8elrz2 e8emj0r e8encjp e8enxfy e8epd8r e8eq12r e8eo107 e8eqn1c e8en3oj e8eo3bp e8enigq e8enyx8 e8envjk e8enrfj e8enf9k e8eosyv e8eok2y e8epbmf e8eni4x e8eq1s8 e8epuo7 e8eqh45 e8epksf e8egy16 e8eizcu e8el125 e8elypm e8emss2 e8enbli e8eob3u e8eql00 e8eor82 e8ep0x9 e8eqd2r e8ei3fz e8enrz2 e8epyu9 e8em5wp e8emr69 e8eivs2 e8emd6a e8epab3 e8eqcfh e8ely26 e8eorog e8eqaps e8eamgk e8ekbyr e8elkkj e8eojvx e8ekwa6 e8ep0f6 e8el4fo e8em29j e8eoib8 e8eo2bu e8eoyie e8elj5q e8em0zi e8encea e8enl40 e8emgqs e8emzlh e8en4ds e8en6wq e8en7iw e8enlbq e8eo630 e8eo7i1 e8eodw4 e8eonr5 e8epp14 e8eq0wa e8eq8y5 e8eqlz7 e8elhod e8ekynn e8elryz e8eljuk e8elsrt e8endj8 e8ennsf e8epbd6 e8elhw0 e8emfuj e8ekdxd e8eld63 e8elr1h e8elpla e8en7zu e8enfh8 e8eo0tk e8eko4m e8eks4l e8emp5k e8e7ys7 e8e88ge e8ed9c4 e8edy7l e8ee9oa e8ekwmq e8eox6v e8eoxxf e8eqbkj e8elodj e8emg4p e8en7ry e8elsey e8emzk4 e8en1la e8enaai e8eqfxo e8enjfi e8eqe54 e8eg4oa e8end0z e8eqlue e8eou9g e8epoky e8ebul5 e8edk0c e8edtwj e8efumq e8ehyot e8ehzof e8eimlg e8eirwp e8emfxg e8epiwe e8eon26 e8en0fd e8ejyb0 e8ennqo e8eor4h e8ennns e8eexxw e8emuxc e8ehfoh e8eipby e8eiw1n e8elfa2 e8emasm e8eq05z e8eptsq e8epu9y e8e8fsr e8efcsj e8e8q2s e8e9j38 e8eo25f e8ej99n e8e974u e8ed5xv e8eig0t e8eevxx e8en8f7 e8ekclt e8em4yv e8enrso e8elvla e8epwp3 e8ell5s e8emcdq e8ea721 e8eba57 e8easmh e8ec3d6 e8enai6 e8elnxu e8eqafm e8ekwv8 e8ea6ji e8ecen7 e8eiu0j e8en95o e8edmp1 e8eeoba e8ega3w e8ejbq3 e8eosro e8eo3eq e8endf9 e8ekka4 e8en5i5 e8ec38x e8ecz3r e8eeh6o e8ehr0k e8emc45 e8eksld e8em4zi e8emf0e e8enf02 e8ebztu e8ed3ay e8enfa2 e8ecgul e8ecvr9 e8egkzv e8ef66h e8ebh53 e8ejwzf e8egqg5 e8eqib7 e8emz4v e8eo26a e8eb1qs e8el5v3 e8elve7 e8eo1qm e8eqd94 e8enb5y e8e9mwv e8ec4gw e8e9zhg e8eacoy e8eiav2 e8en9td e8elsgw e8ealyc e8eaqgv e8eb5rp e8effwh e8egqf8 e8eirqx e8eivby e8ej5by e8emlez e8emtil e8ep5v5 e8epfuw e8eino9 e8eobpb e8eirn9 e8eeyyo e8efnfg e8ed49y e8edb0z e8ef0rx e8efuv9 e8ebw7e e8efdpq e8eeoad e8emwsm e8ep9xl e8eet6q e8emly5 e8elvd3 e8ehluy e8ekt5c e8eneya e8enher e8eo6n4 e8ep7hg e8epin8 e8epoz4 e8e900v e8emx0j e8earxf e8ec78r e8edby0 e8ee2co e8ef83j e8efpnk e8eg9g2 e8eg2u1 e8eq18j e8el4mi e8ecumj e8ed9y9 e8ekl45 e8eli02 e8ebtta e8ef8id e8en0vr e8elu5z e8eitcb e8elg39 e8ec42a e8ed7ul e8edxrs e8e83e1 e8efifj e8eflbb e8efvl2 e8ehdsp e8ekb1u e8ekf64 e8emh5p e8emuya e8en318 e8en6rb e8el471 e8elkiw e8emwl2 e8ek9n6 e8el45s e8edf3i e8envir e8ef6dx e8elblg e8elckf e8ef0s8 e8elmzr e8elp0l e8ehxf6 e8emu5a e8eivq3 e8ejmd7 e8ejv40 e8eka61 e8ekauz e8ekv8b e8el9lg e8elryh e8em0zz e8em2q2 e8em33e e8em70r e8em7x9 e8emi62 e8emo1y e8enaak e8enexq e8enhnb e8enm3r e8enn6m e8enp0w e8eo4sn e8eo94a e8eoery e8eogbr e8eomf4 e8ep6dn e8ep8dy e8epbyf e8epdey e8eplbn e8epnn6 e8epoas e8eprsk e8eptxl e8epxz2 e8epxzz e8eqasy e8eqfnc e8ej28q e8ekcjz e8ejd3a e8eksjl e8en7n6 e8eh1ks e8eiir8 e8empdv e8el5jn e8elht8 e8emeid e8e9zvn e8eblew e8ea6ot e8endgw e8elx2p e8emf4t e8efr1t e8ejh8u e8e8dlh e8ejglb e8ela4r e8enues e8emrmw e8ep3kr e8en9y3 e8enrt2 e8eolwv e8eoonx e8eqj0r e8epe5h e8ep3t6 e8ep1m4 e8epwab e8epv9x e8epw25 e8eql6w e8emvbc e8enib2 e8ep3ox e8emcn1 e8eo85l e8eq9gr e8eq91r e8eqj3l e8eqlwa e8eop5p e8ep7kr e8en0kk e8eo0xo e8eofz3 e8eounj e8emtql e8enq1w e8eo64f e8eq14s e8eou7h e8eoydm e8ephqs e8eouue e8epn2p e8eq45k e8eqbiq e8eqbxu e8eqcem e8eqjc0 e8eqlta e8ent6g e8eo7qu e8eqf7l e8e915r e8ecp94 e8elbep e8emmom e8emsdc e8enzzm e8eo586 e8enqwd e8eo0tt e8eqd39 e8envcd e8epboi e8eq1kh e8emilj e8eoe50 e8enux2 e8ep8fe e8emosh e8ep2nw e8eqmyz e8epf55 e8ephjy e8eqksz e8enz5g e8epuaj e8eoqbt e8eorso e8eoq1x e8enuga e8eozn1 e8egd4h e8ejgga e8eixid e8eliaa e8elof5 e8ehqf7 e8ejyb5 e8eoe6r e8eoped e8eoldd e8eom85 e8epupt e8eq91x e8ek4oz e8enbw9 e8eoqok e8eppwh e8emswn e8eq3o7 e8ekcuo e8emlej e8eq5li e8el7d8 e8enpol e8ep6r2 e8ep2mb e8eql3b e8eqeqq e8eo2ve e8eo9aq e8eodsf e8eoz7j e8el7dk e8eml3u e8enz6f e8eoh89 e8epvfw e8eq6id e8eq87i e8eq9hd e8eqgu4 e8eqmln e8eqmxn e8ek70b e8eoax2 e8eo8t3 e8epd5m e8ens1q e8ejccx e8ejuti e8ek129 e8elg3w e8elkut e8eov4u e8ephwe e8eang6 e8ef068 e8elbcr e8eljd9 e8elpqt e8em4bg e8eml8h e8enlez e8eq548 e8eocy0 e8emkwd e8enk6r e8eoaac e8eqa43 e8empma e8epto8 e8eofl6 e8eqi5r e8emxes e8enodo e8epmsf e8emc8h e8eovpo e8enmq4 e8epdm8 e8eoy68 e8em81p e8emd8k e8eaq3t e8el57y e8elhel e8elpvm e8em177 e8eoidx e8em4f7 e8en4gt e8enqt3 e8enx4k e8em6pb e8eon1i e8en19b e8ep5cw e8epghs e8epk26 e8empop e8enwyh e8eo9wb e8eojtm e8eonj4 e8en1or e8ehvyj e8em19o e8ekdrj e8ek7eu e8emxsp e8emftc e8envsv e8epja4 e8enkvq e8enylt e8eprag e8eq1q7 e8emqbd e8enaya e8eot58 e8epdn0 e8enoyp e8enefg e8elgie e8emtky e8eoeme e8emwq7 e8elyzr e8ekmre e8em7q9 e8eog88 e8eoqf1 e8epuv4 e8egph2 e8eh4v7 e8ehnkf e8enaqj e8enfs9 e8eokrf e8epunw e8eqbuo e8eowmg e8ep0wz e8epmig e8ek7e4 e8embn3 e8eoi5x e8eldoy e8eosg3 e8epfma e8eo7wu e8eoktu e8emunt e8eopih e8eouum e8ep0zr e8epp5o e8eqmy7 e8eoq70 e8eoyc8 e8eirrx e8eowrr e8ekqdn e8ekw00 e8eld80 e8elhyx e8elzil e8em562 e8enj97 e8emykl e8el4fc e8elbyc e8elh75 e8emw79 e8eq7f8 e8en0sn e8eo2zp e8eo5ij e8enl4i e8enz7m e8eotnq e8epo37 e8ek0u8 e8ek3zd e8eknoc e8ekrtb e8el90u e8el6i1 e8eplrr e8emep7 e8ekn9y e8eoavr e8en164 e8eo1n4 e8epexa e8eno1o e8eo0t8 e8eobfc e8eof8x e8epzbf e8ekppf e8eppt4 e8eq2pj e8e8msx e8emq3w e8epqnb e8eptj2 e8eq9y4 e8eosrs e8epx22 e8eqk36 e8eqh3h e8e4zfr e8e818k e8e9qqf e8ehxk0 e8eibqw e8empvz e8ep5gh e8epj3p e8em41d e8e8o4m e8em485 e8en5af e8eljcs e8e8i9v e8e7cqv e8eiqm0 e8emj0e e8en0zr e8enayj e8eo8qt e8e7im4 e8eiby0 e8em7wo e8emgas e8eo0w3 e8epplf e8enyzp e8enwbv e8envde e8epfr6 e8eoxbu e8emnjm e8enb1y e8eo6b0 e8eoql4 e8eooss e8eosoo e8eq03m e8eqcn8 e8eorb6 e8eobxe e8eoxy6 e8eq43y e8epw7j e8eq9fj e8en5ac e8eo5lb e8emuoo e8enqhp e8egutt e8elf7z e8eo6hp e8enov9 e8emddv e8eo7h2 e8emia1 e8enct2 e8eoblz e8epeje e8eifm5 e8eknyp e8enb2n e8entmy e8elmcx e8emc90 e8en9bi e8eo5fz e8eo9mw e8eotan e8epe8i e8epxgl e8ekq5h e8elgxq e8elo1l e8epffu e8e5l5m e8edkzu e8ekfqm e8enilr e8eojd9 e8eqdd6 e8emvwx e8eplpo e8en6cc e8epadh e8e7olq e8epmlk e8e7l5f e8eg7h4 e8eobrf e8eln5a e8emkw7 e8eojr4 e8eokuh e8eotkd e8eowor e8ep929 e8eps25 e8eqc46 e8eqi52 e8eqn53 e8ej25b e8elg6r e8efvai e8ejmmc e8emgw4 e8eoojg e8ep0yg e8epyev e8egp0q e8ehbfy e8ehjoj e8eocgl e8eomef e8ep1yt e8en3ht e8enycu e8eoyze e8ekrxr e8elg0n e8eq2fu e8ely40 e8eo797 e8ep27l e8enqse e8edc2d e8ecqu5 e8emfkl e8enhpu e8eq6cg e8e6xb3 e8enf62 e8epyoo e8eoziy e8en005 e8eo5kx e8eqevu e8e5mvs e8e8vvo e8eaf37 e8en9t9 e8eljwy e8en8sb e8emypx e8ekqco e8elmi2 e8elu9q e8eoclt e8ep1zh e8epzoh e8enlud e8e8b8n e8enrv6 e8ec0pp e8eh8qw e8ejg83 e8envgy e8epjr8 e8eppr9 e8eoaqz e8e97se e8emg12 e8e6kz3 e8e7pq1 e8emwzd e8enzwk e8eo48y e8eq11q e8ecm9o e8emvbs e8enn4z e8elf15 e8emt5v e8endl2 e8epe81 e8eoam5 e8eny15 e8e6shs e8e8mqc e8ebjvp e8ejvzw e8e7dtv e8e7g0g e8eb26n e8e52h9 e8e5s3p e8e5xbv e8e6jrx e8e731d e8e7d37 e8ebpr2 e8em2rj e8eipug e8epm5v e8e6ij9 e8e7efz e8eklw1 e8e6zvl e8e8zpd e8ehn4r e8ep5vt e8eop83 e8e6gec e8e74uj e8elkdn e8epxlu e8e7e9d e8el970 e8e7bx0 e8ej0ry e8engip e8enq8f e8eqku9 e8emrqb e8enn38 e8epcx4 e8ep733 e8epdcs e8elb3f e8enot9 e8em61e e8enuxf e8en7nm e8en5p2 e8eoxd4 e8ens5d e8eplvp e8e8dc5 e8ea6dc e8e6k8l e8e774o e8eq4g9 e8enl70 e8ephqy e8edwv4 e8ep0ss e8e4ojd e8e79ev e8eif43 e8enytb e8e7aun e8emxrg e8enulh e8eo72b e8emtj6 e8eossc e8ec10v e8ejnca e8ekog9 e8elw8a e8elx6l e8ems53 e8ene1r e8enlvb e8enu1v e8eclm8 e8ekqcz e8enz1y e8emt5q e8eo79n e8eeuzf e8ell6i e8emoij e8emw82 e8emyp5 e8en6q5 e8enevj e8epoy2 e8enj03 e8eo3fs e8eosbj e8epz1r e8ennko e8enqyb e8eo1xs e8epcij e8epy1s e8eq2r2 e8eaj28 e8ek1b7 e8eniuy e8ekstw e8en4t2 e8ellea e8elqxg e8emhu4 e8enbmg e8enmjs e8en2m4 e8enu9r e8em73m e8eqch9 e8enodt e8eoect e8eomgv e8eot9t e8eoymt e8eqdd5 e8eobav e8eorpi e8e4thx e8e5zob e8e6q9q e8e70g1 e8e8l8m e8e9csm e8ea4r9 e8ehi5k e8ekdci e8elr0d e8epk5y e8e7oij e8eky6f e8eod8q e8e6gqw e8e8ysb e8eosfk e8eps32 e8emwkt e8e7rjt e8en2za e8efq6v e8eplsj e8ehioj e8e64j2 e8emcng e8en7hl e8eoa1a e8eqjum e8eno12 e8enw6f e8eq4gg e8enh64 e8eo490 e8e82zv e8en8c3 e8en8tm e8ep4h0 e8enete e8epyht e8e6fhn e8e7bvp e8e8sbv e8e7mtq e8ekozh e8eibaw e8enqpb e8emiu0 e8enbzc e8ep5qh e8en7mb e8e7od7 e8ejuju e8ekif0 e8eq25y e8eil61 e8elhwe e8epvw4 e8eplqq e8eo9ie e8e7csg e8emmof e8ephgv e8eqdwq e8epazq e8eb8si e8ep8ln e8emv4z e8eoe8o e8eot1y e8e7gix e8emwuj e8eiaef e8eq4ub e8elp6h e8em2gz e8emeof e8emmdf e8em3uq e8empjc e8emmfz e8eoawa e8en3wt e8eociu e8en7xu e8eoet9 e8eotcc e8epgfe e8en6jy e8eqkt2 e8eimhy e8elu9o e8en554 e8eo55f e8eoulw e8emgo1 e8emy61 e8eml15 e8en1rt e8epw0u e8en5df e8en0ck e8en3tm e8eniqq e8eo3dr e8epazi e8enver e8eoifg e8eomqt e8eorm4 e8ep06r e8epbf5 e8eqjp8 e8epj9j e8ep3o1 e8ep64j e8eq4rb e8eq979 e8epj01 e8epm3l e8eqor3 e8eoqh2 e8emplj e8enl6x e8enu7v e8eoaay e8eodaf e8ep16i e8ephba e8epm0e e8epsha e8eqcks e8engv6 e8egvt8 e8eljo4 e8em8by e8emq50 e8eo875 e8eon6v e8epd3y e8epv4i e8eoj0f e8emkmi e8eo1l9 e8e5wsu e8e70rr e8e85pz e8elg8b e8engxn e8epvni e8ejtjo e8enfi4 e8em6sn e8emkvg e8en0jp e8enqef e8emzca e8en9ta e8e7y9v e8egquf e8emork e8eno18 e8eph7k e8e9eyb e8ecb9v e8eet34 e8eet4v e8ef3ri e8enydx e8efuzv e8ego3b e8ehskn e8ekd77 e8ekqvl e8engtr e8el1en e8elx46 e8el6js e8el705 e8el8up e8elb9i e8emp3x e8elf37 e8eliol e8elmnv e8elnr3 e8elprg e8elsp5 e8elxsb e8elzm7 e8em6a3 e8em9f9 e8ema36 e8epf93 e8emcud e8emczz e8emeqg e8emhxw e8eminu e8emj2k e8emj9x e8emjs2 e8emnz4 e8emosd e8emvyh e8emyj9 e8en0p7 e8en15g e8en2yv e8en51k e8en66r e8en81o e8enf06 e8enn0j e8eo187 e8eo1rl e8eo1ta e8eo2q5 e8eob0z e8eoilh e8ep4bk e8ep4eh e8ep9b8 e8epoog e8epxg2 e8epb1e e8epfp7 e8epgl0 e8epmc8 e8epmqu e8epp7y e8epriv e8epx2u e8epycb e8epyn4 e8eq0gd e8eqa1b e8eq15w e8eq1xa e8eq264 e8eq8dp e8eq8i7 e8eqafq e8eqd0c e8eqdd8 e8eqisu e8eaoma e8ejl95 e8enydq e8enf8q e8eq9we e8elf4n e8emnod e8emszu e8eou85 e8e5t0k e8e7n2u e8e7tqa e8elokk e8elotf e8els84 e8eo4op e8em6f2 e8elsnp e8em3tg e8em553 e8egz7j e8epghx e8e97lc e8ef851 e8ef9ez e8efang e8efcku e8efn4n e8efq79 e8efukv e8egzob e8eh316 e8ehdbp e8ehg80 e8ehn1i e8ehprr e8ehx4r e8ei5bc e8ei5g6 e8eitkx e8ejcfi e8ejfud e8ejh0j e8ejpgk e8ejpis e8ejz57 e8ek31w e8ek8f7 e8ek988 e8eke8p e8eki9h e8ekj2f e8ekj2o e8ekz0g e8ekzmz e8el4es e8el4g9 e8el4wu e8el9hb e8elaog e8eldmr e8eljc0 e8elkcj e8eln6h e8elpk3 e8elpn9 e8elpnf e8elrhq e8em8hw e8elsfq e8elupa e8elzex e8em1hl e8em1w9 e8em3gv e8enymb e8em3ic e8em5dk e8emb69 e8embi2 e8embiv e8emd46 e8emen9 e8emfgn e8emha9 e8emhnx e8eminh e8emjuh e8emkjw e8emkn9 e8emm05 e8emp38 e8emozd e8emq2c e8emrrc e8emsjl e8emufa e8emuj5 e8emw13 e8emxrr e8en06a e8en156 e8en1zg e8en2ww e8en485 e8en4nw e8en85i e8en4s8 e8epyfx e8en5m2 e8en6kq e8en71m e8en8i0 e8en9w1 e8en9xx e8enaiz e8enan9 e8enauu e8enb24 e8enbe9 e8enewj e8enfjc e8enh24 e8enz16 e8eni0h e8enjy6 e8enk0f e8eopmj e8eoze8 e8ep8d9 e8enl9m e8enlvx e8enmty e8ennea e8enptr e8enw7a e8enw85 e8enzl8 e8eo43y e8eo7q7 e8eo9bf e8eomq3 e8eoxwd e8eo7x9 e8eo9l1 e8eo9mp e8eobsd e8eoffb e8eojt8 e8eokqa e8eomau e8eosnc e8eoq3h e8eoqqs e8eoqu0 e8eoqu3 e8eor2y e8eor84 e8eosaz e8eosd1 e8eotz5 e8eou1w e8eousu e8eownd e8eowyc e8eoyqs e8ep054 e8ep0o3 e8ep0xy e8ep1ia e8ep1sa e8ep2c1 e8ep2tj e8ep2ws e8ep34b e8ep3kl e8ep5n9 e8ep8ft e8ep8h4 e8ep8wz e8epasp e8epik9 e8epjan e8epjfn e8epo7t e8eppdk e8epsm5 e8ept3f e8epu7c e8epuoq e8epw5m e8epy2d e8epyft e8eq0v4 e8eq1d4 e8eq6ts e8eq8b4 e8eq8qj e8eqan2 e8eq9s1 e8eqa87 e8eqbrt e8eqct5 e8eqdzd e8eqgm1 e8eqgog e8eqk2e e8eqk7z e8eqkm4 e8eql53 e8eqljl e8eqmch e8el3qe e8eolg9 e8eozxg e8ep4l8 e8eproj e8ep6be e8e6x2h e8elckt e8en264 e8enauj e8enfy0 e8enikk e8eogze e8ep7p1 e8epsyj e8eq4u9 e8enegb e8eobml e8eogxx e8eo6dm e8ee43b e8enu9o e8eodlk e8ei7n1 e8eokn3 e8ep99o e8epfhu e8eq1bo e8eptot e8eqcau e8eqod5 e8ekl7m e8en9me e8eq3y6 e8el5f5 e8elro7 e8eo5qt e8em34f e8enxwj e8epb6v e8epm31 e8eq0nn e8eq5h7 e8eqjho e8en925 e8eoozc e8elvzz e8eo23c e8eme1y e8emqx4 e8ekad4 e8emxz7 e8enim9 e8emw75 e8eni0j e8ep2bm e8eptcx e8emuve e8epdff e8eq15f e8eq1ew e8eq5xs e8eqh04 e8eq6ma e8en9tb e8eofm0 e8eocwi e8eqp4i e8emjgp e8en4hh e8enb2g e8eodu7 e8ep6g1 e8eot5u e8eqq1u e8en3qi e8e5jh4 e8ely5t e8emf6i e8enuc6 e8emxjr e8eng5n e8eple0 e8eqcnl e8eo5bh e8eli7h e8emtgm e8en5ca e8enred e8epzyc e8emzu6 e8encfk e8enlem e8eosui e8encj0 e8enf59 e8epxr5 e8elpmu e8ema6p e8en9l7 e8enrzf e8enp85 e8en8xj e8ep8za e8epjvx e8eoke6 e8emk4d e8endyq e8em5wz e8ennv0 e8enrtf e8enwwy e8epk7j e8epusi e8eo8u3 e8epy0z e8eqe7y e8enyq4 e8eo1ch e8eozfi e8eprkc e8eo2vt e8epiq3 e8eioo6 e8ekv33 e8epi6t e8eq6c5 e8eq7ar e8emrpl e8enz44 e8eohdx e8epibw e8emapc e8emi82 e8egzza e8eii4u e8elnh9 e8em48g e8elyx3 e8embsk e8en21a e8enf31 e8emfni e8enqpv e8em4hs e8em593 e8em29n e8eminc e8elyvj e8em6e9 e8elzlw e8elsnc e8en3dr e8enwdo e8elu9l e8emvhu e8ekvpz e8elzxu e8enoyq e8encpf e8emvxz e8en3pd e8enhae e8eoi9b e8en8ou e8eog1u e8en4ua e8ensp2 e8enw8g e8eo3bx e8eo88c e8eoy8w e8ep1ha e8epee7 e8en90d e8epbk9 e8ephmk e8enf17 e8eo613 e8eofcw e8ep79a e8eni04 e8enpmr e8eokov e8eoofb e8epa00 e8epmaw e8eq3lj e8eqkew e8eoatk e8eo6xg e8eljwj e8elw39 e8em1b2 e8em9w1 e8en7va e8encf3 e8enfwe e8enivy e8enk18 e8enol5 e8entgt e8em853 e8emb24 e8emi68 e8emjfk e8en07i e8eneko e8enuim e8enk9p e8enj7q e8enupe e8enydz e8emh2y e8enjso e8enfax e8eo68t e8eoaog e8epjp5 e8epmh3 e8eobad e8ej2qq e8em40b e8emdpu e8emfcd e8emmle e8en8n5 e8enflz e8enfq6 e8enwtg e8eo28v e8eodwy e8eonk0 e8ep87u e8eqfbe e8epmht e8epo98 e8eq09h e8eqd8h e8eqgqt e8ekllg e8elm3o e8eo0wy e8elrhc e8em0ie e8emm3r e8em2jr e8elgpv e8em5c3 e8eo8z3 e8eh6ib e8ekqgx e8eljff e8el9vs e8ell76 e8enw8x e8emp5t e8elv2l e8enfun e8enfjk e8e5ols e8egkrz e8ekir1 e8elb4w e8en013 e8enrub e8eo4jl e8epetj e8eoa5s e8ep4qw e8ephsv e8eqo20 e8epl8c e8eqmbu e8eplzw e8epqf9 e8epx79 e8epwt2 e8eq55e e8elpt9 e8em5f5 e8elq12 e8eporb e8eh3jn e8enjvh e8enygb e8eo3h6 e8eo8wy e8eobjh e8eof5p e8eomjb e8eopig e8eor42 e8eoscd e8eota9 e8eovsz e8eozl4 e8eom96 e8eoprz e8eo3ov e8eo5sh e8eol5v e8eoo5f e8eoqlo e8eos95 e8epo6k e8epdgx e8eqr84 e8epgr1 e8epia0 e8epl7q e8eppjd e8epyfp e8eq64n e8eqp49 e8epocy e8epqcq e8eqjz6 e8eg10l e8ejmmp e8enfjf e8e7wtc e8ec3qw e8ectwm e8ed059 e8ed9bz e8egaq9 e8eks3h e8eluuk e8el7zi e8ebajg e8ebpmr e8egc6f e8elmqu e8eljwk e8eo7ys e8eo8fi e8emb22 e8emfzt e8enlab e8eoj9k e8ejxcw e8em4jz e8emu6h e8ef2is e8efk58 e8efyy2 e8ej6y3 e8emd83 e8emf2w e8emldc e8emg5v e8emqy8 e8e9vav e8ebbxk e8ec0qc e8ecf2q e8eda0r e8elsaw e8e4sh3 e8e5jzw e8e7s7f e8e5obj e8ecv4l e8eq7tb e8ebg02 e8e5mlb e8ej3by e8e5zx0 e8ejj6m e8ekp77 e8ejxyj e8eknga
85806 0
30754 0
16140 0
10018 0
3462 0
2086 0
1176 0
3 0
1 0
1 0
285 0
93 0
2 0
1 0
1 0
2 0
1 0
1 0
1 0
2 0
1 0
2 0
1 0
1 0
1 0
1 0
1 0
2 0
1 0
1 0
1 0
1 0
1 0
435 0
434 0
147 0
60 0
6 0
5 0
4 0
3 0
1 0
1 0
1 0
277 0
107 0
1 0
1 0
2 0
1 0
-15 0
3 0
2 0
1 0
18 0
2 0
1 0
95 0
19 0
-3 0
1 0
15 0
1 0
35 0
2 0
1 0
2 0
1 0
2 0
1 0
1 0
1 0
1 0
1 0
1 0
1 0
1 0
1 0
1 0
1 0
1 0
1 0
1 0
1 0
1 0
1 0
1 0
0 0
1 0
0 0
0 0
1 0
1 0
1 0
-1 0
1 0
2 0
9 0
-1 0
4 0
1 0
2 0
1 0
-7 0
-17 0
1 0
3774 0
1360 0
366 0
210 0
74 0
31 0
1 0
1 0
1 0
13 0
1 0
1 0
7 0
4 0
3 0
2 0
1 0
1 0
1 0
-3 0
4 0
1 0
2 0
1 0
393 0
207 0
132 0
73 0
35 0
16 0
11 0
5 0
2 0
1 0
1 0
1 0
8 0
1 0
1 0
1 0
8 0
1 0
11 0
9 0
-1 0
-2 0
2 0
1 0
1 0
1 0
1465 0
24 0
1166 0
114 0
1 0
18 0
734 0
155 0
55 0
22 0
1 0
8 0
1 0
1 0
1 0
1 0
-9 0
1 0
194 0
41 0
60 0
12 0
1 0
2 0
1 0
0 0
180 0
45 0
17 0
1 0
12 0
38 0
27 0
5 0
1 0
1 0
1 0
2 0
1 0
60 0
15 0
7 0
1 0
1 0
-3 0
1 0
1 0
1 0
27 0
9 0
1 0
67 0
42 0
22 0
6 0
9 0
5 0
3 0
1 0
1 0
1 0
17 0
2 0
1 0
2 0
1 0
1 0
85 0
16 0
68 0
43 0
14 0
1 0
2 0
20 0
23 0
14 0
11 0
4 0
6 0
6 0
3 0
1 0
1 0
1 0
1 0
3 0
1 0
1 0
1 0
12 0
-6 0
7 0
1 0
6 0
27 0
7 0
5 0
1 0
1 0
5 0
1 0
4 0
2 0
1 0
1 0
1 0
1 0
1 0
1 0
1 0
1 0
1 0
3 0
12 0
-1 0
4 0
-3 0
3 0
1 0
-1 0
1 0
2 0
-2 0
-10 0
-4 0
-2 0
-1 0
0 0
1 0
-2 0
-1 0
-2 0
-17 0
-9 0
-1 0
1026 0
627 0
136 0
356 0
114 0
54 0
26 0
3 0
2 0
1 0
16 0
11 0
3 0
1 0
15 0
10 0
28 0
1 0
5 0
3 0
3 0
5 0
2 0
2 0
3 0
1 0
1 0
1 0
1 0
1 0
1 0
1 0
1 0
1 0
1 0
1 0
1 0
1 0
1 0
1 0
1 0
1 0
1 0
1 0
1 0
1 0
1 0
1 0
1 0
1 0
1 0
1 0
1 0
1 0
1 0
1 0
1 0
1 0
1 0
1 0
1 0
1 0
1 0
1 0
1 0
1 0
0 0
-9 0
-5 0
1 0
0 0
0 0
1 0
-5 0
-6 0
1 0
17 0
26 0
16 0
1 0
-4 0
1 0
-9 0
-8 0
10884 0
2189 0
413 0
1 0
2 0
1 0
9 0
5 0
1 0
1 0
1 0
1 0
1 0
1 0
1 0
1 0
1 0
1 0
2 0
1 0
1 0
11 0
5 0
1 0
2 0
1 0
1 0
2 0
1 0
3 0
2 0
1 0
1 0
1 0
1 0
2 0
1 0
1 0
1 0
1 0
1 0
1 0
1 0
1 0
1 0
1 0
1 0
1 0
3 0
1 0
1 0
1987 0
524 0
18 0
10 0
9 0
2 0
1 0
6 0
2 0
1 0
3 0
2 0
1 0
1 0
1 0
2 0
1 0
8 0
2 0
1 0
1 0
1 0
1 0
1 0
1 0
1 0
1 0
1 0
1 0
1 0
7 0
19 0
0 0
15 0
8 0
251 0
124 0
1 0
1 0
1 0
1 0
1 0
1 0
11 0
3 0
2 0
1 0
1 0
1 0
21 0
2 0
1 0
62 0
4 0
1 0
1 0
1 0
1 0
4 0
3 0
1 0
1 0
3 0
1 0
1 0
1 0
1 0
1 0
1 0
1 0
1 0
1 0
1 0
1 0
1 0
2 0
1 0
1 0
-4 0
26 0
23 0
16 0
4 0
1 0
1 0
4269 0
1193 0
653 0
365 0
228 0
6 0
4 0
2 0
1 0
1 0
1 0
2 0
1 0
1 0
1 0
1 0
1 0
1 0
1 0
1 0
1 0
5 0
1 0
2 0
1 0
1 0
2 0
1 0
888 0
326 0
-12 0
38 0
6 0
1 0
1 0
3 0
1 0
1 0
2 0
1 0
1 0
1 0
2 0
1 0
5 0
4 0
3 0
2 0
1 0
1 0
-20 0
1 0
6 0
-10 0
1 0
3 0
2 0
1 0
1 0
1 0
1 0
1 0
1 0
1 0
1 0
1 0
1 0
1 0
-6 0
2 0
1 0
1 0
-3 0
-13 0
3 0
2 0
1 0
1 0
1 0
38 0
-19 0
8 0
7 0
3 0
2 0
1 0
3 0
2 0
1 0
14 0
2 0
1 0
15 0
2 0
1 0
2 0
1 0
3 0
1 0
1 0
3 0
2 0
1 0
2 0
1 0
20 0
1 0
-9 0
2 0
1 0
9 0
-7 0
2 0
1 0
1 0
-28 0
-3 0
-17 0
2 0
1 0
1 0
1 0
1 0
2 0
1 0
2 0
1 0
6 0
24 0
-14 0
12 0
12 0
12 0
1 0
1 0
3 0
1 0
3 0
2 0
1 0
5 0
4 0
3 0
2 0
1 0
-6 0
2 0
1 0
69 0
8 0
3 0
2 0
1 0
1 0
2 0
1 0
1 0
1941 0
673 0
215 0
76 0
37 0
1 0
2 0
1 0
1 0
70 0
1 0
1 0
20 0
17 0
3 0
2 0
1 0
1 0
1 0
1 0
1638 0
343 0
9 0
5 0
2 0
1 0
1 0
1 0
1 0
1 0
1 0
16 0
13 0
6 0
1 0
4 0
1 0
2 0
1 0
1 0
2 0
1 0
1 0
1 0
1 0
1 0
1 0
1 0
1 0
185 0
132 0
1 0
1 0
1 0
1 0
4 0
3 0
2 0
1 0
6 0
1 0
1 0
1 0
3 0
1 0
1 0
1 0
1 0
1 0
1 0
1 0
11 0
10 0
3 0
1 0
278 0
102 0
51 0
1 0
2 0
1 0
2 0
1 0
2 0
1 0
233 0
1 0
1228 0
251 0
1 0
-12 0
7 0
6 0
5 0
4 0
3 0
2 0
1 0
7 0
2 0
1 0
4 0
13 0
212 0
55 0
1 0
1 0
1 0
1 0
54 0
58 0
13 0
1 0
2 0
1 0
2 0
1 0
1 0
2 0
0 0
1 0
-2 0
2 0
1 0
1 0
23 0
63 0
1 0
1 0
1 0
222 0
2 0
1 0
1 0
3 0
2 0
1 0
959 0
558 0
227 0
1 0
42 0
1 0
1 0
26 0
3 0
2 0
1 0
1 0
1 0
1 0
93 0
1 0
125 0
74 0
51 0
3 0
2 0
1 0
1 0
8 0
1 0
3 0
2 0
4 0
2 0
1 0
1 0
119 0
2 0
1 0
42 0
4 0
1 0
1 0
1 0
1 0
98 0
22 0
9 0
4 0
-26 0
21 0
4 0
768 0
521 0
274 0
75 0
27 0
4 0
9 0
1 0
2 0
1 0
-16 0
16 0
3 0
12 0
3 0
3 0
1 0
1 0
22 0
5 0
2 0
1 0
-21 0
11 0
82 0
27 0
1 0
1 0
1 0
1 0
2 0
1 0
2 0
1 0
10 0
1 0
7 0
1 0
1 0
1 0
1 0
1 0
1 0
50 0
21 0
48 0
14 0
1 0
2 0
1 0
12 0
1 0
21 0
28 0
8 0
1 0
16 0
1 0
1 0
1 0
2 0
1 0
12 0
4 0
3 0
7 0
3 0
1 0
1 0
1 0
1 0
22 0
-2 0
1 0
2 0
1 0
3 0
3 0
1 0
2 0
1 0
1 0
2 0
1 0
4 0
3 0
1 0
1 0
1 0
1 0
1 0
1 0
1 0
1 0
16 0
7 0
1 0
6 0
1 0
-4 0
-7 0
3 0
2 0
1 0
1 0
1 0
10 0
1 0
8 0
5 0
4 0
3 0
2 0
1 0
2 0
1 0
350 0
227 0
186 0
31 0
79 0
57 0
30 0
13 0
5 0
4 0
1 0
30 0
13 0
1 0
12 0
12 0
1 0
1 0
1 0
12 0
1 0
9 0
1 0
4 0
42 0
9 0
5 0
1 0
1 0
2 0
1 0
1 0
2 0
1 0
7 0
1 0
1 0
1 0
1 0
1 0
19 0
57 0
27 0
27 0
9 0
8 0
1 0
1 0
1 0
1 0
1 0
12 0
-6 0
13 0
1 0
13 0
20 0
1 0
1 0
1 0
6 0
2 0
1 0
1 0
1 0
6 0
1 0
3 0
2 0
1 0
-10 0
1 0
1 0
1 0
-56 0
3 0
2 0
1 0
3 0
1 0
1 0
1 0
1 0
1 0
3 0
1 0
1 0
1 0
1 0
1 0
-27 0
33 0
3 0
1 0
1 0
7 0
1 0
4 0
2 0
1 0
1 0
1 0
4 0
3 0
2 0
1 0
16 0
11 0
10 0
9 0
8 0
3 0
1 0
1 0
4 0
3 0
2 0
1 0
3 0
2 0
1 0
1 0
5 0
2 0
1 0
1 0
1 0
5 0
2 0
1 0
1 0
1 0
1 0
28 0
15 0
6 0
1 0
1 0
1 0
1 0
1 0
1 0
1 0
1 0
13 0
8 0
7 0
3 0
1 0
1 0
5 0
1 0
4 0
3 0
2 0
1 0
1 0
1 0
5 0
15 0
3 0
1 0
1 0
2 0
2 0
2 0
2 0
3 0
1 0
2 0
2 0
2 0
2 0
3 0
1 0
4 0
2 0
2 0
2 0
2 0
3 0
1 0
2 0
2 0
2 0
2 0
2 0
2 0
2 0
1 0
1 0
1 0
1 0
1 0
1 0
1 0
1 0
1 0
1 0
1 0
1 0
1 0
1 0
1 0
1 0
1 0
1 0
1 0
1 0
1 0
1 0
1 0
1 0
1 0
1 0
1 0
1 0
1 0
1 0
1 0
1 0
1 0
3 0
1 0
1 0
1 0
1 0
1 0
1 0
1 0
1 0
1 0
1 0
1 0
1 0
2 0
1 0
1 0
1 0
1 0
1 0
1 0
1 0
1 0
1 0
1 0
2 0
4 0
1 0
2 0
1 0
8 0
1 0
1 0
1 0
6 0
2 0
2 0
2 0
2 0
4 0
1 0
1 0
2 0
1 0
1 0
4 0
1 0
1 0
1 0
1 0
1 0
1 0
1 0
1 0
1 0
1 0
1 0
1 0
1 0
1 0
1 0
1 0
1 0
1 0
1 0
1 0
1 0
1 0
1 0
1 0
1 0
1 0
1 0
1 0
1 0
1 0
1 0
1 0
1 0
1 0
1 0
1 0
1 0
1 0
1 0
1 0
1 0
1 0
1 0
1 0
1 0
1 0
2 0
1 0
1 0
1 0
1 0
1 0
1 0
2 0
1 0
1 0
1 0
1 0
1 0
1 0
1 0
1 0
1 0
1 0
1 0
1 0
1 0
1 0
1 0
2 0
1 0
1 0
1 0
1 0
1 0
1 0
1 0
1 0
1 0
1 0
1 0
1 0
1 0
1 0
2 0
1 0
2 0
1 0
1 0
1 0
1 0
1 0
1 0
1 0
1 0
1 0
1 0
1 0
1 0
1 0
1 0
2 0
1 0
1 0
1 0
4 0
3 0
2 0
1 0
1 0
1 0
1 0
1 0
1 0
1 0
1 0
1 0
1 0
4 0
3 0
2 0
1 0
1 0
1 0
1 0
1 0
1 0
1 0
1 0
2 0
1 0
1 0
1 0
1 0
1 0
1 0
1 0
1 0
1 0
1 0
1 0
1 0
1 0
1 0
1 0
1 0
1 0
1 0
1 0
1 0
1 0
1 0
1 0
1 0
1 0
1 0
1 0
1 0
1 0
1 0
1 0
1 0
1 0
1 0
1 0
1 0
1 0
1 0
1 0
1 0
1 0
1 0
1 0
1 0
1 0
1 0
2 0
1 0
1 0
1 0
1 0
1 0
1 0
1 0
1 0
1 0
1 0
1 0
1 0
1 0
1 0
1 0
1 0
3 0
2 0
1 0
1 0
32 0
49 0
8 0
3 0
2 0
1 0
4 0
3 0
1 0
1 0
4 0
2 0
1 0
1 0
1 0
2 0
1 0
1 0
1 0
1 0
2 0
1 0
1 0
2 0
1 0
-3 0
2 0
1 0
13 0
18 0
1 0
7 0
6 0
5 0
4 0
3 0
2 0
1 0
2 0
1 0
11 0
1 0
1 0
1 0
-25 0
2 0
1 0
4 0
3 0
2 0
1 0
7 0
6 0
1 0
3 0
2 0
1 0
1 0
1 0
1 0
1 0
1 0
8 0
6 0
1 0
4 0
1 0
1 0
1 0
1 0
-6 0
-10 0
1 0
1 0
1 0
4 0
2 0
1 0
1 0
0 0
4 0
1 0
1 0
1 0
1 0
3 0
2 0
1 0
2 0
1 0
1 0
-2 0
3 0
2 0
1 0
1 0
3 0
2 0
1 0
1 0
2 0
1 0
7 0
5 0
4 0
1 0
2 0
1 0
1 0
2 0
1 0
6 0
3 0
2 0
1 0
1 0
1 0
0 0
0 0
1 0
1 0
1 0
4 0
1 0
1 0
1 0
2 0
1 0
19 0
42 0
9 0
1 0
16 0
5 0
2 0
1 0
2 0
1 0
1 0
1 0
5 0
1 0
2 0
1 0
2 0
1 0
1 0
1 0
-4 0
1 0
-5 0
10 0
1 0
1 0
6 0
3 0
2 0
1 0
2 0
1 0
25 0
1 0
6 0
5 0
4 0
3 0
2 0
1 0
7 0
2 0
1 0
4 0
1 0
1 0
1 0
8 0
7 0
2 0
1 0
4 0
3 0
2 0
1 0
1 0
1 0
4 0
13 0
17 0
8 0
7 0
6 0
5 0
4 0
1 0
2 0
1 0
11 0
10 0
9 0
8 0
4 0
2 0
1 0
1 0
3 0
2 0
1 0
1 0
1 0
1 0
5 0
3 0
2 0
1 0
1 0
-1 0
1 0
1 0
1 0
1 0
1 0
1 0
1 0
1 0
1 0
4 0
3 0
2 0
1 0
1 0
1 0
2 0
1 0
1 0
5 0
13 0
1 0
8 0
0 0
1 0
3 0
4 0
2 0
1 0
4 0
9 0
3 0
0 0
4 0
1 0
1 0
-15 0
1 0
1 0
-10 0
-2 0
-3 0
-3 0
1 0
1 0
2 0
1 0
1 0
1 0
2 0
1 0
2 0
1 0
1 0
4 0
1 0
2 0
1 0
-15 0
1 0
-11 0
1 0
-4 0
22 0
9 0
8 0
7 0
6 0
5 0
4 0
3 0
2 0
1 0
5 0
4 0
1 0
2 0
1 0
7 0
6 0
5 0
4 0
3 0
2 0
1 0
2 0
1 0
7 0
6 0
5 0
4 0
3 0
1 0
1 0
1 0
2 0
1 0
-10 0
12 0
1 0
-22 0
16 0
-1 0
18 0
-1 0
16 0
1 0
10 0
8 0
5 0
-15 0
7 0
-9 0
6 0
2 0
1 0
1 0
1 0
2 0
1 0
-13 0
1 0
1 0
-19 0
0 0
-8 0
1 0
4 0
1 0
1 0
1 0
1 0
-23 0
-7 0
-15 0
-2 0
-4 0
2 0
35 0
36 0
17 0
17 0
-18 0
1 0
5 0
18 0
5 0
13 0
-4 0
9 0
5 0
8 0
rigamorol 16
kebababab 14
Adm_Chookington 13
Exist50 13
shutthefuckup90 13
_martypants 12
artfulsmear 11
Boomslangalang 10
MeesterBacon 10
b009152 10
LX_Theo 9
Luminous_Fantasy 9
famousevan 9
ArbitraryCommentary 8
CloneSix 8
abyss6 8
Hifen 7
Lookatitlikethis 7
SilverKnight999 7
cultured_banana_slug 7
f_d 7
hugglenugget 7
05432124a 6
Ferrocene_swgoh 6
dshakir 6
iamlarrypotter 6
xenemorph 6
Fake_William_Shatner 5
FriendToPredators 5
ImMayorOfTittyCity 5
Kentsfulcrum 5
Neuromangoman 5
Slykeren 5
SpartanVFL 5
UndeadPhysco 5
YuriDiAAAAAAAAAAAAAA 5
evergreenyankee 5
jsonny999 5
loafy420 5
napoleonpp 5
007meow 4
DeanerFromFUBAR 4
Echous 4
Hartastic 4
Ibetyourelazy 4
Jonch1n 4
Lord_Noble 4
ONEPIECEGOTOTHEPOLLS 4
Pkytails 4
RohirrimV 4
StupidButSerious 4
SutekhThrowingSuckIt 4
TheLordKord 4
Thibbledorf_Pwent 4
Tomorrow-is-today 4
Whataboutism_Chruch 4
Whostolemycheez 4
_Face 4
dac002 4
epote 4
mustardhamsters 4
pyrowolf8 4
sexrobot_sexrobot 4
sirdarksoul 4
weluckyfew 4
whats-ittoya 4
Alexgiambi 3
AnonymousMaleZero 3
BoojumG 3
CadetCovfefe 3
CoryTheDuck 3
CrunchyAustin 3
DaPurpleHippo 3
Diabolic_Edict 3
DoughtyAndCarterLLP 3
Dutchtrs 3
Elton_Jaundice 3
Exelbirth 3
Grass---Tastes_Bad 3
Iletrado 3
Indigoh 3
Keyedwin 3
Mad_Physicist 3
Marcus_McTavish 3
MutatedCarpetSwatch 3
OrlandoDoom 3
Precursor2552 3
Replicaindigo 3
RepubsRapeKids 3
Ryan55109 3
ScrobDobbins 3
Sgt_Kowalski 3
ShitOutTheBooze 3
Shujinco2 3
SnixTruth 3
Stevemagegod 3
StormTrooperQ 3
TaurineLine719 3
TheTrapezeSwinger87 3
Ubarlight 3
Violent_Blue 3
Zootrainer 3
arefx 3
comrade_corey 3
cosmicsoybean 3
deadspider187 3
deviant324 3
dislikes_redditors 3
driverofcar 3
dsj_jumpman 3
fishrobe 3
furrier69 3
iridiue 3
jcooli09 3
luibot 3
miraoister 3
mkp11 3
ohpee8 3
satansheat 3
shadehawk25 3
winkelschleifer 3
7_beggars 2
AbjectReflection 2
AdministrativeWinter 2
AnOnlineHandle 2
Benonearth 2
BobbyDropTableUsers 2
BoneHugsHominy 2
Canadia-Eh 2
Cant3xStampA2xStamp 2
CanuckianOz 2
Chocodong 2
ClassicalMusicTroll 2
Cmyers1980 2
ColdRedLight 2
CommaCazes 2
DawnOfTheTruth 2
DefendedCobra29 2
Dqueezy 2
DukeOfGeek 2
FarawayFairways 2
FearOfBees 2
GetToTheChopperNOW 2
Groslan 2
Guardiansaiyan 2
Gunsmok3r 2
HotIncrease 2
HuevosSplash 2
Hxcfrog090 2
IWasBornSoYoung 2
Inugami_ 2
Jasader 2
JestaKilla 2
JoeyLacesBitch 2
Joliet_Jake_Blues 2
JosephusMillerTime 2
KTPU 2
Karjalan 2
LOW_INT 2
MarioLopezGymSocks 2
Mikey2104 2
MrBadBadly 2
MrBojangles528 2
NSA_Chatbot 2
NoLaMess 2
NodNosenstein100 2
None 2
NorseTikiBar 2
OrangeJr36 2
Palmettobushes 2
PatternPerson 2
PaulPillowfort 2
PixelizedPlayer 2
ProWaterboarder 2
PubliusPontifex 2
ReverendDizzle 2
RobotCaesar 2
Rpizza 2
SL8Rfan 2
Semper454 2
Simmo5150 2
StandardKraken 2
SteamandDream 2
Stupid_Triangles 2
SwampCunt 2
SwimmingNaked 2
TechFocused 2
TexanInExile 2
TheBigNate416 2
Tjg91084 2
TreeRol 2
TurbulentAnteater 2
Turkish_Montana 2
UghAgainMane- 2
VolatileEnemy 2
Voroxpete 2
WR_Builds 2
Waffuly 2
Warnackle 2
Wazula42 2
XanatharsOptician 2
acideath 2
allmilhouse 2
alongdaysjourney 2
anywho123 2
archetype1 2
baildodger 2
bayhack 2
beenoc 2
bread_berries 2
brutallyhonestfemale 2
butterbal1 2
cavernph 2
copperholic 2
dismantlepiece 2
doctorsynaptic 2
escalation 2
euclid0472 2
evarigan1 2
foxbones 2
frostysauce 2
gravy_boot 2
great_gape 2
gutchie 2
idontwannabemeNEmore 2
imagepoem 2
jake1919199 2
jor4288 2
killking72 2
koalaver 2
krbex 2
laylajerrbears 2
legendoftheark 2
lurker4lyfe6969 2
mecrosis 2
meowchickenfish 2
mungalo9 2
novaquasarsuper 2
panda-erz 2
plentyoffishes 2
pliney_ 2
raspvidy 2
seamath2 2
semi_good_looking 2
smokythebrad 2
spooker11 2
stanleyfarnsworth 2
stellarbeing 2
stephschiff 2
stoogemcduck 2
supa325 2
superquagdingo 2
swampler22 2
the3trainthatcould 2
thegeekinsideme 2
themeatbridge 2
thirtyseven_37 2
thymoral 2
tokyoxplant 2
trend_rudely 2
trogdors_arm 2
typeObloodsausage 2
unc15 2
virtwin7 2
washedrope5 2
willdb11 2
wulv8022 2
wut3va 2
0ToTheLeft 1
0imnotreal0 1
10lbhammer 1
11thStreetPopulist 1
16Paws 1
19djafoij02 1
1stuno 1
2heads1shaft 1
3irhead 1
3n07s 1
3rd_Shift 1
40mm_of_freedom 1
415native 1
420lbRussianHacker 1
5kylord 1
79072461919594450000 1
7evenCircles 1
8shoes 1
9000yardsofbliss 1
92nd 1
A7thStone 1
AArgot 1
AFlaccoSeagulls 1
ALABAMA_FRONT_BUTT 1
ARandomHelljumper 1
AVeryMadFish 1
Adam_is_Nutz 1
AdditionalExcitement 1
AdventurousCharge 1
AgentButters 1
Ai50 1
Aleahj 1
Always-says-fuck-you 1
AnEmancipatedSpambot 1
AnalogStripes 1
Androthi_II 1
Archibald-Meat-Pants 1
Arkathos 1
Arthrawn 1
Avantasian538 1
Azsu 1
B_POWDER355 1
BackAlleyBum 1
BaddestHombres 1
BaggerX 1
BaiRuoBing 1
Bamali 1
BattleTechies 1
BawsDaddy 1
BaycoBay 1
BeerCarReturnOfJafar 1
Benzol1987 1
BeraldGevins 1
BestFriendWatermelon 1
BiNumber3 1
BigDaddyDeck 1
BigUptokes 1
Big_Tubbz 1
BlameGameChanger 1
BlazingBlasian 1
BlueComet24 1
BlueRoller 1
BooleanRadley 1
Bottle_of_Starlight 1
Brightens_Dark_Pics 1
BrosenkranzKeef 1
BrownSugarBare 1
BruhWhySoSerious 1
BuildTheRobots 1
Bumbalo 1
BurrrritoBoy 1
BygmesterFinnegan 1
Byte_Fantail 1
CCV21 1
CLEMADDENKING1980 1
CRolandson 1
CalHockleySwag 1
Carnage-lax 1
CarnivalOfSorts 1
CarolinGallego 1
Cashrunner 1
Cdeank 1
Ce_n-est_pas_un_nom 1
Charlie_Wax 1
CheetoFACEbabyHANDS 1
ChemyFresh 1
ChestyLaRue83 1
Chezzwizz 1
Christhephotographer 1
Chronic_Media 1
Chuckfinley_88 1
Chumbag_love 1
Cjbleything 1
Cmoz 1
Cockanarchy 1
CommanderArcher 1
ConspiracyBarbie 1
Cookiest 1
Coolmikefromcanada 1
CordageMonger 1
Country_Club_Reject 1
CpCdouchebag 1
Crag_r 1
CriddlerDiddler 1
Crimsai 1
Csquared6 1
Curoe 1
DGlen 1
DJsupaman 1
Daamus 1
DadaDoDat 1
DamienVonDoom 1
DankDollLitRump 1
DapprDanMan 1
Darkframemaster43 1
Darth_drizzt_42 1
Deatheturtle 1
DeceptiJon 1
Deepspacesquid 1
DemIce 1
DemonOfRazgriz8492 1
Detai1s 1
Detroit_Drew 1
Deviouss 1
Dewoco 1
Deyln 1
DieFanboyDie 1
Dingledanglebangle 1
Dionysus24779 1
Doc_Skeef 1
DoctorLovejuice 1
DollarSignsGoFirst 1
Donar007 1
DonutsMcKenzie 1
DoubleClickMouse 1
DoverBoys 1
DownvotesOnlyDamnIt 1
DrHenryPym 1
DrStalker 1
Draviddavid 1
Droogas 1
DrunkUncleJay 1
DrunkinDonut 1
DuntadaMan 1
EMONEYOG 1
EMStrauma 1
EatYourPills 1
EchteNederlander 1
ElDoRado1239 1
Entorgalactic 1
Evan8r 1
Exley21 1
Expert_Novice 1
Eywadevotee 1
FPSXpert 1
FUCK_SNITCHES_ 1
FannyPackConnoisseur 1
Fayt747 1
FeckTad 1
Feracon 1
FerricDonkey 1
FlartSimpson 1
Flasher410 1
FookYu315 1
FrekiAskr 1
Frnzlnkbrn 1
Fun2badult 1
FyourSubRedditRules 1
GameMusic 1
Garret223 1
GayJonathanEdwards 1
GayPerry_86 1
Geo227 1
GiddyUpTitties 1
Globalist_Nationlist 1
GoatTnder 1
GoldenStateLTD 1
GoogleyEyedNopes 1
Gribbleator 1
GrowRoots 1
Grow_away_420 1
Gunkspargle 1
GunsKnivesRadios 1
Halbertos 1
Halt-CatchFire 1
Haltopen 1
Hanwoodtractor 1
Head0n 1
Hellebras 1
HeloRising 1
Hemingwavy 1
Hiciao 1
HighOnGoofballs 1
Hip_Hop_Orangutan 1
HolyDogJohnson 1
HoyAlloy 1
Hypergnostic 1
Hypno--Toad 1
I12curTTs 1
IIO_oI 1
IIcarus578 1
IM_INSIDE_YOUR_HOUSE 1
IRA_CounterTerrorist 1
I_NEED_YOUR_MONEY 1
I_love_garlic_salt 1
Ibbot 1
IchooseLonk 1
Icyrow 1
Idiocracyis4real 1
Im1Guy 1
Inaglasscage 1
InducedLobotomy 1
InexorablePain 1
Infinityexile 1
Ipokeyoumuch 1
Its_Bob_Gnarly 1
ItscalledaT-square 1
IwantalltheSMOKE247 1
JS-a9 1
JUNGLEJlM 1
JamesEpep 1
Jaymezians 1
JerkJenkins 1
Jeromechillin 1
Joe434 1
JoeyThePantz 1
Johnmckay 1
Jrhoney 1
JugsAndTugs 1
KSeven8 1
Kafferty3519 1
KallistiEngel 1
KeeperOfCoats 1
Ketsuo 1
Kevin2GO 1
KewlToyZ 1
KingEscherich 1
King_Black_Phillip 1
KittyKat122 1
Kizik 1
Komrade_Karen 1
KrakenMcSmakin 1
KrombopulosPhillip 1
KurtWagnerX 1
LIGHTNINGBOLT23 1
LIVEWIRE209 1
Lawlmuffin 1
LeapingLupine 1
LetsDIY 1
Lichbigneking 1
LifeUhUhFinds_a_Way 1
Limerick_Goblin 1
Limitfinite 1
LiquidMotion 1
LivefromPhoenix 1
Llamaxaxa 1
Loadsock96 1
LocalSharkSalesman 1
Lolliekinz 1
LongBongJohnSilver 1
LordEnrique 1
Lord_Augastus 1
LostFireHorse 1
MJOLNIRdragoon 1
MMAFan4lif3 1
MZyk1973 1
MaddogBC 1
MajorMalfunction71 1
ManoLorca 1
MaxwellDH95 1
Me0w_Zedong 1
Mein_Inner_Kampflict 1
Messisfoot 1
MethodMonday 1
Mike_Kermin 1
MildMaterialization 1
Minion_of_Cthulhu 1
Miobravo 1
Mitch_from_Boston 1
Mjt8 1
Mnementh2230 1
MojaveMilkman 1
MoneyStoreClerk 1
MoreMegadeth 1
MrBulldopes 1
MrNewReno 1
Mr_Doctor_Rockter 1
Mr_Rivera 1
Mt82191 1
MuddyFilter 1
Mutt1223 1
NHFI 1
NapalmNorm 1
Natdaprat 1
Newdles 1
NexusKnights 1
NiceShotMan 1
Niedar 1
Nixxxt 1
NonPolarVortex 1
NotMyHersheyBar 1
NotNormal2 1
NothingCreativeAgain 1
NuderXshun 1
Obandigo 1
Oblivious122 1
Octopus777 1
OftenSilentObserver 1
OogyToBoogy 1
Orakai 1
Ospov 1
P2000Camaro 1
PG-37 1
PG4PM 1
PMMEURUSERNAMEIDEAS 1
PM_me_dem_titays 1
PaanuriEater 1
Painkiller830 1
PantsOffAtHome 1
PartyBumblebee 1
PathToEternity 1
Patientveteran 1
Phazon2000 1
Pixel_in_Valhalla 1
PointlessCarnal2018 1
Polengoldur 1
PoliticsAside 1
Poopshoesdude 1
Pozbo 1
PresidentDouchebag 1
PrimateOnAPlanet 1
ProBluntRoller 1
Proclivitor 1
ProjectRevolutionTPP 1
Psdjklgfuiob 1
Psistriker94 1
Puffthemagiccommie 1
Putins_sin_hole 1
Quantum13_6 1
QuantumLeapofFaith 1
Quantum_Finger 1
QuietIrony 1
Quigleyer 1
R011_5af3_yeah 1
RLucas3000 1
RandomThrowaway410 1
Raspberries-Are-Evil 1
Raverock 1
ReasonablyBadass 1
Rebel_Dash 1
Redditduck1 1
RedditsInBed2 1
RegularRollPlayer 1
RelevantUsernameUser 1
Rhawk187 1
Riaayo 1
Rick-powerfu 1
Rip_ManaPot 1
Robothypejuice 1
RockLaShine 1
Rockor 1
Roll9ers 1
RollBread 1
Romeey 1
Roubia 1
RumpleForeskinqq 1
RyokoKnight 1
SHAREBLUE_SHIL42 1
SKUBALA_Dragon 1
SW_ChristianD77 1
SailorRalph 1
Samuraikhx 1
SanJOahu84 1
Saorren 1
SentaMiz 1
SeymoreButts772 1
Shador_Wasabi 1
ShaolinFantastic420 1
Sharks_n_Colorado 1
SharpyTarpy 1
ShiningGod 1
Shivshanks 1
Shrimpbeedoo 1
SimonButcher 1
SingingCrayonEyes 1
Sipredion 1
SirHosisOfLiver 1
SirRufusPigeon 1
Sirtopofhat 1
SixG 1
Skyebeats 1
SlipperyJohn 1
Sluttynoms 1
SoSoberSoSoon 1
SocializeHelicopters 1
SodlidDesu 1
SoloJones 1
Some-Redditor 1
SpaceWhiskey 1
Spaceh0rse 1
Spazztech 1
Sprayface 1
StabbyMcSwordfish 1
StackinStacks 1
Stardustchaser 1
StarshipOmega 1
Stereotypy 1
Stolichnayaaa 1
Strider794 1
Stryfe1569 1
StrykerGuy90 1
StudioDebacle 1
Stupid_question_bot 1
Sunnidays 1
Sunnysunflowers1112 1
Sweatytubesock 1
Tatunkawitco 1
TaydenB 1
TheBeardofGilgamesh 1
TheBlackBear 1
TheCrazedTank 1
TheDerpofYork 1
TheDirtyFuture 1
TheDiscordedSnarl 1
TheDuke13 1
TheFeshy 1
TheGreatBakeOff 1
TheGumOnYourShoe 1
TheHaruWhoCanRead 1
TheIdSay 1
TheLastOfYou 1
TheSuniestSunflower 1
TheTravelinScientist 1
The_Crowned_King 1
ThesAndman6672 1
TheyTookOurJarbs 1
This_is_my-username- 1
Thorn14 1
Tim_Brady12 1
TioG 1
TitanBrass 1
ToaChronix 1
Tonychina23 1
TooShiftyForYou 1
TotallyNotABotOrCat 1
Toynbee1 1
Trash-at-games 1
TrendWarrior101 1
Treyzania 1
TriceratopsHunter 1
Trust_No_1_ 1
Tueful_PDM 1
TunaCatz 1
UKtwo 1
USBLight1 1
Unsound_M 1
UpvoteParty2018 1
VAisforLizards 1
VESSV 1
Vanethor 1
Venerated_Valkyrie 1
Verypoorman 1
Viviolet 1
Vocals16527 1
Waffles584900 1
WatchingUShlick 1
WeeferMadness 1
WeimarRepublic 1
WhakaWhakaWhaka 1
Whatsthedealwithit11 1
Wicked__Tuna 1
Wierdish 1
Wnir 1
Wolpertinger 1
Workforfb 1
WrongSubreddit 1
Ximrats 1
YNot1989 1
YRYGAV 1
Yakoo752 1
Yodas_Butthole 1
YoroSwaggin 1
YupThatsMeBuddy 1
ZJEEP 1
Zacky_Cheladaz 1
Zaicheek 1
Zakronovich 1
Zen_Coyote 1
Zetagammaalphaomega 1
Zhyko- 1
Ziggityzaggodmod 1
Zweben 1
_BKom_ 1
_DarthJawa_ 1
_justsometimes 1
abetteraustin 1
accioupvotes 1
acm 1
actuallyhim 1
adidamtb 1
aeschenkarnos 1
afraidofnovotes 1
alanbright 1
alexunderwater 1
alg5509 1
alisru 1
allmightygriff 1
alt-lurcher 1
alwaysusingwit 1
ambi7ion 1
angrynightowl 1
approik 1
arabsandals 1
arandomact 1
arkain123 1
armchairtryhard 1
arthurpaliden 1
asinum-fossor 1
auniqueusername77 1
austeninbosten 1
auto_orchestra 1
autotldr 1
azlan194 1
b_alliterate 1
ba5icsp00k 1
baby_shoes 1
backthatNASup 1
badhorse5 1
basaltgranite 1
baz8771 1
bcmylb 1
bearrosaurus 1
ben_swolo12 1
ben_wuz_hear 1
benignbigotry 1
bensnroses7 1
bf4truth 1
birdreligion 1
bishpa 1
blazr987 1
bliss19 1
blondeshady2001 1
bologna-us-monk 1
bonniebedelia 1
boo_boo325 1
boot2skull 1
brakkii 1
branded 1
breakbeats573 1
brother_ryan 1
bullevard 1
burnblue 1
burtonposey 1
buzzkill-lightyear 1
cammcken 1
canuck199 1
cap10wow 1
cchrist4545 1
ceiffhikare 1
chafedogg 1
charcoalsyrup 1
chekspeye 1
chuckinator119 1
cis4smack 1
cityproblems 1
coldequation 1
contrapasta 1
coolwool 1
couchpotatoh 1
crackerthatcantspell 1
crazyseandx 1
creamhunt 1
crunchymush 1
ctothel 1
curiouscuriousone 1
cwanye77 1
cwhite92 1
cyanydeez 1
cyb3rw0lf 1
cyclopath 1
daps_and_pounds 1
darkshark21 1
dblake123 1
deadeyediqq 1
denaljo 1
dexter8112 1
dimmitree 1
doesntmatterfuck69 1
dontcareitsonlyreddi 1
doritows 1
doublethump 1
drownthesilent 1
duckvimes_ 1
duganaok 1
dumbwaeguk 1
easternmost-celtic 1
el_seano 1
elaithin 1
elderstahl 1
elosoloco 1
elusiveindian 1
emergentphenom 1
emptynothing 1
enuth 1
etymologynerd 1
eviljordan 1
factbased 1
fat_taco 1
feathered-lizard 1
fermented-fetus 1
flamespear 1
flavorflash 1
flerjda 1
flickering_truth 1
flickerkuu 1
flipmurphy 1
fngrs 1
followthecrypto 1
fractalspank 1
fuck-the-HOA 1
fuck_your_diploma 1
funkme1ster 1
fuzzierthannormal 1
ga-co 1
galaxyquest8871 1
geekpeeps 1
geezer498 1
genokaii 1
get-lifted-often 1
gfzgfx 1
gl00pp 1
glasscamerayt 1
glenvilder 1
gngstrMNKY 1
gnomeshell 1
goldenbawls 1
gquirk 1
grandmaballs 1
greatlannister 1
greenlion98 1
greenneckxj 1
grumpdick 1
gulliwuts 1
h3thrir 1
hagenbuch 1
hegelmyego 1
herpderpstar 1
hex00110 1
hiacbanks 1
hinsonian 1
hockeyrugby 1
hogarthXLV 1
hongke1 1
hrlngrv 1
hurtsdonut_ 1
iMeat 1
i_4_n_i 1
i_spot_ads 1
i_willregretthis 1
idejmcd 1
idk_just_upvote_it 1
idontknowwhenstop 1
ieathairpussy 1
ihave_problems 1
im_an_infantry 1
inclinedtorecline 1
its_that_time_again 1
itstimetoupdate 1
iwillcuntyou 1
j_mckay 1
jahs_126 1
jaquick 1
jaspersgroove 1
jay_alfred_prufrock 1
jeanroyall 1
jerkstorefranchisee 1
jhern115 1
jimothyjones 1
jjdog70 1
jjolla888 1
jocax188723 1
joeybutts4ever 1
joshrmacd 1
jvalordv 1
kaa384 1
karai2 1
karlhungusx 1
karmasutra1977 1
kelsec 1
kerrigan7782 1
kidinacorner 1
kieffa 1
killafofun 1
killer_jules 1
kilrcola 1
kiwi_troll 1
knowtheday 1
koick 1
koshpointoh 1
krelin 1
ladygaggeduh 1
lawschoolquestion34 1
lenzflare 1
liebz11692 1
littlejohnnyjewel 1
loaferbro 1
lokken1234 1
lookingforone14 1
lorimar 1
losian 1
lotusbloom74 1
lovescrabble 1
lowlzmclovin 1
luaciego 1
mac1234steve 1
madmax_br5 1
madmaxfield 1
maestroenglish 1
maggotbrownie 1
majnuker 1
mal_wash_jayne 1
malcontented 1
maltamur 1
markpsp 1
martianstarship 1
marvinisarobot69 1
maybeitsmeh 1
mb0289 1
mechabeast 1
meechy704 1
mekramer79 1
membershipgivesumore 1
mightylordredbeard 1
mindbleach 1
molochz 1
momalloyd 1
monkmodeman 1
mrpimpunicorn 1
muchoscahonez 1
mummouth 1
muskrat42 1
mysteries-of-life 1
namelesone 1
nanaVladimir 1
narf007 1
nerdyhandle 1
netting-the-netter 1
newfor2018 1
nigelfitz 1
niksa058 1
niktemadur 1
njob3 1
noquarter53 1
notmebutjim 1
notseriousIswear 1
nphased 1
nzodd 1
oTHEWHITERABBIT 1
oh_no_its_shawn 1
onlytruecomments 1
ooogaboogadooga 1
operez1990 1
opsidenta 1
orphlax 1
outdated_techy 1
overlordpotatoe 1
overyander 1
paddirn 1
pancakemadnesswtf 1
paperclipzzz 1
patrioticaction 1
perogies 1
petewilson66 1
phoonie98 1
pinch_the_grinch 1
pleasureburn 1
plxjammerplx 1
pm_me_a_bike 1
pmacnayr 1
pmitov 1
pokemaugn 1
pokemon-gangbang 1
polarpear11 1
poliguy25 1
poopagore 1
potionnumber9 1
primenumbersturnmeon 1
propellhatt 1
prpldrank 1
ps28537 1
puheenix 1
qqererer 1
quantum-mechanic 1
randommnguy 1
rapidski 1
rascal_king 1
rastanikoten 1
rata2ille 1
rdon83 1
reacher 1
red-line 1
redcapmilk 1
reshp2 1
retardrickshaw99 1
rkb730 1
robbedigital 1
robot_steve 1
rpthrowaway2424 1
rumblith 1
saddydumpington 1
saijanai 1
salothsarus 1
sandpaper623 1
savedbydave 1
scootah 1
scroll_tro0l 1
sdavila16 1
sdnightowl 1
seanlb 1
selassiepickney 1
senselocke 1
sherlocknessmonster 1
shine415 1
skrellnik 1
slackeye 1
slakmehl 1
slawre89 1
slightlydirtythroway 1
slingtarp 1
slotrod 1
smilinBobfromEnzyte 1
sneakerheadchris96 1
soflasurfr 1
solicylicacid 1
spaceace66 1
spacegirlmcmillan 1
spacejamjim 1
spartanhi5 1
spungie 1
src88 1
stankydankyecp 1
staytrue1985 1
steggun_cinargo 1
steve_n_doug_boutabi 1
stevenmcountryman2 1
stevenxdavis 1
stonedasawhoreiniran 1
stonewall386 1
stosin 1
studiov34 1
stupidalien 1
sturmblast 1
superhighrisk 1
supersolenoid 1
superspiffy 1
sure_what_the_hell 1
sweensolo 1
sweetpea122 1
swsgamer19 1
syberghost 1
t20six 1
tangSweat 1
tangohunter8071 1
tat310879 1
tawy121 1
terriblehuman 1
the-rigger 1
thegeekist 1
theghostwithoutaname 1
thegreatestajax 1
thejawa 1
themiddlestHaHa 1
thepee-peepoo-pooman 1
theroshan 1
thetransportedman 1
thinkspill 1
thonosp 1
throwawayangst1 1
ticonderoga- 1
tlr2 1
tomanonimos 1
tootie 1
toughmutha 1
tovarish22 1
townesfan1197 1
townhouserondo 1
tpolaris 1
trippedwire 1
turducken138 1
turtleh 1
tweak06 1
tywkeene 1
undercoversinner 1
unknownclient78 1
unnecessarypoops 1
usingastupidiphone 1
usscan 1
vannucker 1
vanoreo 1
verik 1
vivek31 1
voidworship 1
voksul 1
vonkelvin 1
war_story_guy 1
washor 1
wazzel2u 1
whatevah_whatevah 1
wild_quinine 1
winterfresh0 1
wlee1987 1
woodydeck 1
wtf_is_taken 1
xSlaerr 1
xathemisx 1
xelerated1 1
xlfasheezy 1
xxxSEXCOCKxxx 1
yokotron 1
yoortyyo 1
young-and-mild 1
yournosyneighbors 1
zaptoad 1
zbo2amt 1
zepher2828 1
zombo_pig 1
zonagram 1
