9r40ty e8e46b5 e8e5rk6 e8e969w e8ebp6x e8edf6w e8edqn7 e8ejab1 e8em94s e8eddrl e8edgq9 e8edx8e e8een2v e8eg4xg e8eih18 e8ek1ec e8eq1r6 e8elf4j e8ella6 e8en01i e8eo7m7 e8el4f9 e8edyj1 e8efg5z e8ej0j5 e8eiyfs e8ek72b e8ekx17 e8efghn e8ekuc7 e8eg6tz e8ec8ux e8efw0l e8el16r e8elmo1 e8ee8rs e8ekfed e8ecg6b e8ecp0q e8edn89 e8eekmu e8efc9y e8ehlhn e8eivgj e8ek7qy e8ekaqp e8efnn8 e8efv3k e8ekwzo e8en14j e8ekbqo e8eq9d2 e8enhjv e8egizm e8ei5jf e8ej9r4 e8eh1vz e8eh9oj e8efogn e8egeim e8eh4yy e8eghn6 e8ehn95 e8ejsvt e8ekxx3 e8eecex e8eelt8 e8egxd3 e8eemy7 e8eflu5 e8ei3gm e8ejr1v e8edtpo e8efxai e8egxrg e8ehmu4 e8elj3w e8ekyv1 e8elc1y e8emvqk e8elfgi e8ennuc e8eqi2y e8eeepi e8efc6b e8eflub e8ep60n e8ehdsd e8ejxt7 e8elsdo e8ek8t8 e8elab0 e8elmo0 e8enntb e8eqyez e8empya e8emw28 e8ei6ch e8em2cu e8eqm9w e8em2ve e8ehffc e8ekbpb e8ejcfl e8ely0s e8enb7q e8enbt1 e8eo1m9 e8eo4yo e8ejlwt e8enr4m e8eq8nr e8eqfkj e8ehkf6 e8ep0sx e8ehzpb e8entvn e8ehu5w e8enupv e8eeipx e8enzwm e8eh6yp e8enwi5 e8eqm1a e8eeltc e8enwug e8ed95u e8edgfj e8edwda e8edhjp e8edzvu e8ee4r2 e8eegow e8efdgg e8ei99g e8ej7ny e8eqs16 e8ecd4w e8eerk8 e8edmz2 e8efeva e8elbkz e8ept47 e8eqyzg e8ef4ou e8efjq3 e8eg0w1 e8eg6qg e8ehc5p e8edjee e8edu1j e8eglj1 e8em00r e8e2o1y e8e7u4z e8eh162 e8ekoaz e8eku2x e8ele70 e8e93tw e8e9qz3 e8eeo6v e8ef0v6 e8ekiym e8efraj e8egfmt e8egvrb e8elpyc e8elv1r e8ehca6 e8ej7ev e8ej9ud e8em2hg e8emek6 e8ejcjt e8ejy9n e8eoozu e8ek6rm e8elt9f e8emb4k e8enhov e8emr8m e8engkj e8ebpow e8eetzh e8eeh5m e8el5nf e8em4k4 e8ems0g e8eoaoh e8efi90 e8eh2c0 e8el25p e8edsm1 e8ehrjo e8ekh5h e8ep0bu e8ecwsp e8eic33 e8eltov e8en18s e8eikbs e8e6led e8e79pp e8e83nu e8e8jvl e8e8qej e8e8uj6 e8e90ya e8e96kk e8eav6p e8ebqa0 e8ebw16 e8echns e8ecshc e8edd24 e8edgpp e8eg6zk e8el5rt e8eq810 e8el1us e8eewc6 e8ecx55 e8edtml e8eeqlh e8ee3d9 e8ef1bt e8efh3s e8en6hm e8epvja e8eepsv e8eg11w e8egl29 e8ehtdr e8egr0s e8eh24h e8eh8vt e8ei7qa e8eir64 e8ejhhu e8eqn2k e8eczfl e8ejabo e8efxjm e8ebmgs e8ecrv6 e8eieme e8ef60f e8efbt1 e8eagy4 e8ec510 e8ecent e8eco9g e8egymu e8eetf3 e8efc8b e8effkg e8efwik e8eg0p2 e8eku1a e8efg4r e8eg18q e8emue3 e8elfct e8ec4df e8ectjm e8edfc9 e8ee1ia e8eeq78 e8ekxhe e8el7r2 e8elf9a e8elm95 e8em9q6 e8eej9n e8ean0a e8eilli e8el6qo e8eod30 e8ebq0z e8eapvs e8eat32 e8enpaf e8ebnjq e8ec7b5 e8echs1 e8egruf e8ekii6 e8el1e3 e8emscj e8eh9qt e8ed6up e8edfh8 e8edpwi e8eej72 e8enozk e8edhs6 e8edu5d e8edm14 e8edzzn e8ef6jt e8ek72y e8eczfe e8ecd9d e8ele1l e8emb5f e8eo476 e8eg4sy e8eo1x6 e8eq8do e8ebftl e8ecbe6 e8ecek6 e8eee6g e8eehcd e8egszf e8ela6e e8els7d e8ecdkm e8ecqr8 e8eeeq0 e8ein11 e8eatk6 e8edbg8 e8eeh0y e8eade8 e8eavyd e8ecm6u e8eb6w2 e8eb7ss e8eb915 e8ebark e8ebk5z e8ebqey e8ec5tu e8ec7ki e8ecpe7 e8ecr5x e8ecvio e8ecyq0 e8ed9yw e8edcwe e8eg6rh e8egbcx e8edee1 e8edgrj e8edoa6 e8edrjp e8eegv1 e8eekh0 e8eet0l e8eexo6 e8ef1pn e8ef6vv e8efh1k e8efqks e8efzk5 e8eg4lr e8egfsa e8egvjg e8ei8q0 e8eidvb e8ecrtm e8edb65 e8ejgqk e8enaf3 e8enjaf e8eqmd5 e8ee618 e8ee7kw e8ehg3k e8eb0u9 e8ealbg e8ebadl e8ecaee e8ee4k7 e8efago e8ehiub e8eopil e8ee8rv e8ebnl2 e8edk40 e8ee4vi e8ee9q5 e8eg0h3 e8egvwp e8eh68h e8edrmc e8ehivf e8epl37 e8ehkum e8ee8ti e8eeerw e8eeh6i e8ehhvm e8eox98 e8eijuf e8ek8i5 e8ef2i9 e8ek7sl e8emj8g e8ebaj9 e8ebly2 e8ecd76 e8eauwc e8ebmyq e8edmj4 e8ef6s7 e8efio6 e8eii5z e8ekbho e8el7ch e8elq1u e8eme2w e8en1yw e8enbe1 e8enun7 e8eo701 e8eopbz e8eoubg e8ep010 e8ep42d e8epfw8 e8epjxb e8ecoa9 e8ee4g8 e8efrgy e8ecztw e8edtwp e8eekwl e8efnir e8ejcgz e8ebm06 e8ec5sb e8eb1ga e8ec7cl e8ec8r1 e8epupm e8ecgy0 e8eg6tt e8ehc0v e8eo8cd e8e9mit e8e9x11 e8eayi4 e8ea58s e8eafcj e8ebit7 e8edytl e8epw0s e8epdoh e8eqay5 e8eomey e8ed5g4 e8efgw5 e8efmql e8enjj9 e8eeu27 e8ef95u e8eedp7 e8einss e8eljzt e8ekybq e8eptz6 e8emkm6 e8em7ge e8epohl e8ef4s9 e8effdu e8en2lo e8egfok e8egsjz e8ei6xl e8ehkj1 e8ek67l e8eja8b e8ekab0 e8efy7r e8ehc3i e8ejw0e e8el5ha e8eprql e8ej4ch e8emslo e8epydy e8emyz5 e8edcns e8epd6n e8eegxt e8ef2n0 e8engkl e8epjgj e8eppjg e8eq0yu e8eqia4 e8edo7b e8edxjv e8ef9d5 e8eg56j e8ejhwv e8ejcrf e8edyba e8eeigd e8enle3 e8ephco e8ejsyq e8eejy3 e8eevum e8ehah8 e8efe8u e8ejupf e8en950 e8enfad e8efi2m e8ee2rq e8een76 e8efcgr e8efs4l e8efwiz e8eg89j e8ega79 e8egcv4 e8egpvn e8ejrzg e8ekato e8ekhdp e8eknqu e8eqc9i e8ekr22 e8ed5gy e8edziy e8ee81c e8eev0q e8ef3z0 e8ec6zx e8ecy78 e8edc65 e8edv00 e8eeoku e8eew87 e8eemon e8eewg2 e8eg4v7 e8egt2h e8ehq68 e8eil2g e8ejcdg e8ekjgl e8elptt e8emmf3 e8enayn e8ent0w e8enzwz e8eobx5 e8epjke e8ec3k5 e8ela4h e8ec9hd e8eljbp e8enhbc e8epgzp e8eq5ke e8ecpqa e8edk3q e8eiyrz e8ej0c1 e8ejnxo e8el2pr e8edlob e8egf1j e8ej2xl e8ep0uc e8eqklu e8ecsly e8ef2nd e8ejuqg e8ekahg e8ekir5 e8ecntt e8edqe9 e8eephe e8ed4lq e8ef45c e8ef1m1 e8efsyi e8efeug e8eflfn e8efneu e8efwi4 e8efza5 e8ehdw4 e8ej9uq e8ekpiy e8elwzi e8een1f e8edbnb e8ee0c0 e8edgjc e8ednp2 e8ecrf5 e8ehsim e8ejm0x e8ejprm e8ee269 e8efeuv e8ecvnf e8edolx e8efwl2 e8eg8x1 e8ent4j e8enqcs e8eoeke e8ep6z0 e8epxmw e8ea5fb e8eq4w6 e8eatfh e8ebk9h e8eavj1 e8eaypx e8ec9sq e8eki8a e8em5sr e8emwku e8ens82 e8enxxu e8eoxk1 e8eeb9u e8ec5fw e8eck2o e8eelk3 e8eeo0o e8efilm e8efly2 e8eq5ze e8eob9v e8egfdc e8efed2 e8ej0ci e8egwg0 e8eahvh e8eat7m e8eb2d5 e8eaz87 e8ecop7 e8eihxr e8edvj8 e8eg3hm e8eh7ll e8eet0e e8ef9lr e8efpt6 e8epwfn e8eeydz e8efncy e8egv81 e8ejngb e8eporv e8eqb2n e8efa31 e8egz89 e8ejf8v e8en06d e8epkcc e8ecdun e8ecrr0 e8ecuvn e8ekzvx e8ejswp e8ekar8 e8efetq e8ekmhd e8em959 e8ecsp9 e8emjyi e8ekkao e8efrml e8ensj2 e8eeqkf e8eexdp e8efa7m e8eeahf e8eeqxw e8eiug3 e8elacn e8eck2b e8eaw0d e8eau2x e8edlvn e8edtab e8ecta6 e8eewx2 e8egif3 e8eh02g e8eiekn e8ejq2y e8eqg43 e8efa9b e8eff7y e8egmx7 e8ehpda e8ei77a e8ef2im e8efahn e8ekw6i e8elglu e8elnqe e8elzv3 e8eb04q e8eb50m e8ebce0 e8epk80 e8ejkra e8ekl5t e8ekydx e8ell2n e8ebf5k e8eciv6 e8e8ov6 e8e91t4 e8ea37d e8e9fn8 e8e7k4m e8e7wm2 e8en47l e8eapbf e8eauy4 e8ebt1s e8e6v5n e8e74bk e8e740u e8ea64j e8eefne e8ek6x3 e8eab9h e8ejb5o e8ed26m e8eg2tm e8en47p e8edeff e8eftle e8efr9y e8efmlz e8e7y0l e8e8a5s e8e87uj e8e8q5u e8ea7hz e8eaak2 e8ec3ii e8em2sl e8e8r7i e8e95by e8ecp3m e8e91po e8e96bc e8e8eh5 e8e8qi6 e8e95al e8e98pd e8e9j2h e8e8rts e8e967q e8e9rli e8ecnbm e8ec884 e8emj8u e8en02b e8en4bd e8edach e8elux2 e8ec6pf e8edz94 e8eeh3a e8ejo2m e8ek81a e8elgzh e8elz16 e8e79o7 e8efiom e8e7lwx e8ecs2m e8e75nf e8e97dm e8ebd9h e8e9r2e e8ecmku e8eaag0 e8ecdi4 e8ee3nc e8efnx2 e8eg9tx e8ek5l6 e8eavvu e8eda9n e8ekb96 e8ecnbj e8e9n4l e8edcun e8egz78 e8eivi7 e8ekzai e8ef203 e8eejv9 e8eep0r e8efwgf e8efy64 e8eg6tn e8ei9hx e8ej0y5 e8ek36t e8eljez e8elp6z e8elr3k e8eokrx e8ep728 e8epw5o e8eqvnr e8ec37f e8e949k e8eaqgf e8eddyv e8egl04 e8eafko e8egu7g e8efyeh e8ehkmk e8ehllt e8ed3ml e8e9ykb e8e9dsl e8e30b3 e8e52bn e8e7bam e8e4mai e8e67r3 e8e7avt e8e5qpj e8e655c e8e7hw3 e8e8kvx e8e9434 e8e9y65 e8eatyn e8ebjly e8ec6wy e8ecf37 e8edgjy e8edye9 e8eebac e8eeexc e8eeqsr e8eexhg e8ef4zb e8efau4 e8efd4k e8efj5y e8eg0au e8eivix e8e365h e8eau8f e8e55yv e8e5gf3 e8e6a2g e8e6xmv e8e73br e8e6hdm e8e6zw2 e8e73vh e8e8po0 e8e8w4v e8e6yon e8e7iaf e8e80l7 e8e9e59 e8e9ka0 e8ea7ab e8eack1 e8eawft e8eb7nj e8e5biu e8e83xe e8eauey e8eb21j e8ec8y9 e8echx9 e8eg9xz e8eladt e8eicm7 e8emue2 e8enpmv e8ech0u e8eoz3s e8eqnp1 e8ej8l3 e8em8op e8er1bt e8ejlcu e8el3yb e8en0t8 e8eo1t4 e8ecsr7 e8ee13w e8efeq0 e8efwd0 e8em7l2 e8egepi e8ehvae e8ejwg5 e8ebrpc e8ejq4c e8elerv e8elq5w e8emwpw e8eei0c e8ec6s5 e8ee50b e8ef40r e8el84k e8elvhy e8eead7 e8ef1h6 e8ecfm4 e8edj6s e8eebmq e8efk6v e8eeiwu e8eg6v8 e8edcix e8efc83 e8elnt7 e8eobb0 e8em4ex e8epi8n e8edj9f e8ekjo6 e8e38w8 e8e5jzv e8e68v0 e8ecrms e8ej6p1 e8efl6r e8ea7zf e8e72sz e8edb7j e8el168 e8e99hf e8e709h e8e7hxq e8e7xxd e8ea94l e8e9x9m e8ed6vv e8efobb e8ecnrn e8egk6y e8ed4ve e8efarn e8ed0c5 e8edbtq e8eewcu e8ehtbf e8en637 e8edij6 e8elgay e8ehuf2 e8e8xsk e8ec8k3 e8ehwll e8eg5tv e8ejqeq e8eqykc e8ejqwy e8ek9v2 e8ennrw e8e0l7t e8e0plt e8e7dsc e8e7q98 e8e9x9x e8een6r e8ef3xv e8eo1qw e8efprt e8eldam e8enaji e8eixof e8e7zgz e8e96sx e8edpqx e8epy0t e8eddna e8elacy e8epkl3 e8ebirk e8e81lb e8e8zrx e8ec7vo e8eejv0 e8efo7f e8en7tz e8ee5gi e8eqki6 e8edhmm e8e0rox e8e0ynk e8e122o e8e6p4g e8e75u4 e8efy77 e8emkpr e8e75aa e8ecebw e8edyuw e8ehyhs e8efdtk e8emjm8 e8efwxf e8e138f e8e4m12 e8e5zyl e8eo815 e8e878l e8e8sfw e8e9inw e8eetd4 e8e7nsf e8e81kq e8eecke e8efaq1 e8eg1om e8egrky e8eh23u e8eh8no e8eo53l e8e38ii e8e3ijo e8e7wdl e8eee8q e8e7wy1 e8ee6pn e8e6nz3 e8eeuq5 e8epf7d e8e6iiv e8ee8zg e8e7tas e8e9b18 e8ea1mc e8ebifp e8eee7f e8ef1wj e8em1v2 e8edx9t e8en5eq e8e91xg e8ebjn9 e8edcst e8eejux e8ees6y e8efy5i e8egtlx e8ecxuj e8e8wfn e8eibq4 e8elift e8efhoq e8enenw e8eaffb e8ecrua e8eevwu e8eho38 e8eb09k e8ecmhg e8ekmgh e8eds9x e8eb55c e8ee70k e8eez1z e8elj35 e8ekl23 e8efc3i e8ei57p e8eci7o e8em15v e8eb09x e8ede3o e8ehhbt e8ee7e2 e8ek2wq e8ef7ke e8eg6cy e8ekqzz e8eoaxe e8eoo89 e8eoyq6 e8epax0 e8elm0p e8efk9a e8ecwyo e8egy8c e8ejyt2 e8ehncr e8ecr2o e8eh9rg e8earnd e8ecxkq e8edafx e8edk64 e8edspx e8ee0dl e8ef6qa e8efsxv e8ecac8 e8ekg48 e8e8wtx e8eb0r6 e8ecbat e8e8en0 e8edahe e8efw75 e8egson e8ek09c e8elwla e8efnij e8ei07z e8ebo9q e8ecis9 e8ecwmd e8ejznq e8eg0sv e8egosx e8egtpt e8ei2db e8ec4ey e8ed0om e8ed178 e8ed2wi e8edlhw e8efj2b e8eg2h1 e8egga5 e8eh07d e8ehypw e8ei2uw e8eixs3 e8ekdpi e8ekt58 e8elw9t e8elzy6 e8en4nb e8enc70 e8eni16 e8ennjd e8epr3x e8epyqn e8eq0uw e8ectvn e8ehff8 e8edk05 e8egpr4 e8ej2e4 e8ebxvr e8ed2iv e8edhe0 e8ef4v7 e8ef67k e8ejz0h e8e7g5x e8ea002 e8eeisp e8eh3j4 e8eh81j e8eh9w6 e8egau7 e8ecot3 e8eghgb e8egzdq e8eigai e8ekoi7 e8e9h6j e8ed6kx e8ega73 e8ehvta e8e7rsf e8edibz e8eaqh7 e8ed5vy e8e7rys e8e816k e8e9f07 e8e9pgy e8e9ss0 e8ea8ks e8ef9a9 e8efyya e8ea0ct e8ef7om e8ej3vx e8e6zzj e8ejmg8 e8ek6bn e8ec9yf e8econa e8eenmo e8eppe0 e8eaqez e8eb6l4 e8ebdht e8ebe1e e8ebx5u e8ec28t e8ec3m6 e8ec3md e8ec7wa e8ecync e8ecw6t e8edm3t e8ee7re e8ee8fh e8eejpx e8een80 e8efj31 e8efpg1 e8eg192 e8eghea e8eghhj e8egk8s e8egwpf e8egx9n e8egzl8 e8ehe96 e8ehiq4 e8ehj7b e8ehpj6 e8ehv5n e8ei18k e8eijfq e8eikf7 e8eitw5 e8ek0u3 e8elxhz e8eixif e8ejfqp e8ejluf e8ejxa6 e8ekb4d e8ekn0g e8ekrji e8ekuav e8ekube e8ekvlr e8ele7b e8ellw9 e8elnh0 e8elo02 e8elwal e8em0w0 e8em3j6 e8em5v7 e8em607 e8em7ll e8emvfc e8emis6 e8emkdr e8emlb0 e8emmgx e8emtn2 e8emvap e8en0c3 e8en1jz e8en574 e8enhno e8enhoq e8eni5s e8enkja e8envs6 e8eo764 e8eo7ej e8eoaol e8eody7 e8eonin e8eozc7 e8eoznb e8ep1yz e8ep3fy e8ep8yt e8epevk e8epk5l e8epnie e8eqcig e8eqcwo e8eqmef e8eqzz1 e8e8mh3 e8ednkc e8eduel e8eg1sa e8ea73e e8e9dvf e8ebbm2 e8eeoa3 e8ees1s e8eey4u e8eiul4 e8elwb9 e8eg96e e8eggkk e8eh55w e8el82u e8enqmq e8ehwug e8ekgsh e8ekx5f e8elftb e8elt9n e8emgsg e8ea3if e8eak2y e8edb0m e8ee0so e8eekgh e8efqh0 e8eg2ak e8eggi4 e8eh9ls e8ehhz8 e8ehtxl e8ei8cf e8ej22n e8ejjzh e8ek4yn e8ekkay e8efmke e8efv7t e8ebgu5 e8efldu e8ee7qp e8ee9wd e8egnr1 e8eg2sa e8ea8rm e8e962i e8eaih1 e8eb63e e8eb7n5 e8ebbwt e8ebi2z e8ebual e8ec54z e8ec8jx e8ec9zc e8efp70 e8ecude e8ecx45 e8ecy1f e8ed2ti e8edqjp e8eeqfm e8eew1n e8eg49g e8egp1q e8egv57 e8ei4uw e8eiovz e8eiuqh e8ek0vq e8el1ff e8eiems e8ej5r7 e8ejb8b e8ejdjd e8ejncq e8ejnw4 e8el2q5 e8elh7h e8ea4kb e8efwcs e8e95e0 e8e9vya e8ea6ca e8eaf6z e8eb5jw e8eb7c3 e8eb9ay e8ebb88 e8ec1yb e8eaz5v e8eb9eq e8eabi0 e8ec0rm e8ec7di e8ed5eu e8edqvq e8edw42 e8ee4b4 e8edjaf e8ebvh5 e8ec0g9 e8ed265 e8ecifz e8ed5ca e8ej088 e8ejrm6 e8eac1l e8ea87k e8egnua e8egozh e8ei457 e8ei6fs e8ejw47 e8ek6dd e8el7f6 e8elirt e8e9fe5 e8eag8q e8ebjuk e8eglz6 e8e9jz0 e8eg5iu e8eig7r e8el8v4 e8e8cmc e8eaw0x e8e6ewy e8e6ze0 e8e7l46 e8ehn1l e8e9927 e8ebmix e8e8z3u e8e99f4 e8eb8bk e8eg1bq e8ea0e5 e8eg4a1 e8egzeq e8eh306 e8eqci2 e8efu49 e8eeyju e8efwn5 e8ef6g7 e8ek6fv e8eo0qk e8e9xdo e8ea73h e8eb59o e8eiznz e8eb7yn e8eeq96 e8ehwwv e8ei1nb e8ec7ni e8ehspv e8efwe0 e8ec3py e8ecqp9 e8eekp3 e8een9y e8eeq6r e8eeqms e8egm47 e8egm8d e8egonq e8egtys e8ei5xg e8eiffs e8ek316 e8eb6mg e8ebhr3 e8ebp05 e8eczrj e8eelym e8efgd9 e8ei8yn e8eiu86 e8ektun e8ejzf6 e8e9umh e8ea3i7 e8eawbk e8eh8nf e8e8bcv e8ea97k e8eaamy e8e526f e8eawmw e8efu1u e8ef9a4
83547 0
14971 0
6474 0
2714 0
908 0
209 0
39 0
-4 0
6 0
314 0
221 0
140 0
72 0
28 0
23 0
2 0
2 0
1 0
1 0
1 0
1 0
117 0
102 0
45 0
6 0
5 0
1 0
-1 0
6 0
1 0
3 0
6 0
4 0
2 0
1 0
2 0
2 0
1 0
1474 0
816 0
478 0
399 0
52 0
27 0
8 0
2 0
241 0
165 0
72 0
9 0
13 0
1 0
3 0
1 0
1 0
-1 0
7 0
3 0
14 0
8 0
8 0
8 0
12 0
9 0
2 0
46 0
49 0
6 0
19 0
12 0
-6 0
3 0
168 0
23 0
-26 0
21 0
7 0
-42 0
-8 0
-16 0
2 0
-1 0
1 0
86 0
68 0
29 0
4 0
16 0
8 0
3 0
-1 0
7 0
1 0
2 0
1 0
38 0
-3 0
0 0
-2 0
0 0
-1 0
-1 0
1 0
1 0
9 0
6 0
3 0
1 0
1 0
4 0
2 0
1 0
2 0
1 0
1 0
2 0
1 0
2 0
1 0
0 0
0 0
3 0
4 0
1 0
-2 0
1 0
17 0
25 0
2 0
3 0
1 0
7 0
5 0
7 0
2 0
1 0
1 0
28 0
5 0
16 0
1 0
1 0
1 0
1 0
0 0
0 0
0 0
0 0
-1 0
-4 0
14 0
-4 0
5 0
20860 0
1994 0
96 0
8 0
10 0
2 0
362 0
125 0
34 0
3 0
3 0
10 0
4 0
7 0
3 0
1 0
1 0
2 0
1 0
1 0
1 0
29 0
5 0
3 0
0 0
0 0
-4 0
1 0
-5 0
-2 0
4 0
0 0
2 0
1 0
1 0
1 0
1 0
1 0
27 0
1 0
21 0
-3 0
2 0
2 0
3 0
2 0
1 0
1 0
-1 0
9855 0
8211 0
6781 0
5637 0
4928 0
3722 0
2470 0
1051 0
167 0
321 0
289 0
272 0
114 0
34 0
30 0
10 0
3 0
1 0
0 0
13 0
56 0
24 0
7 0
25 0
19 0
14 0
4 0
1 0
31 0
34 0
10 0
7 0
6 0
5 0
3 0
3 0
7 0
2 0
6 0
5 0
1 0
2 0
5 0
2 0
1 0
-4 0
-3 0
251 0
99 0
55 0
20 0
3 0
0 0
11 0
-2 0
0 0
-6 0
3 0
26 0
21 0
6 0
2 0
5 0
-9 0
7 0
1 0
10 0
5 0
3 0
4 0
2 0
2 0
5 0
14 0
7 0
3 0
1 0
10 0
56 0
16 0
2 0
28 0
12 0
41 0
8 0
11 0
4 0
-2 0
2 0
24 0
22 0
13 0
7 0
0 0
18 0
8 0
3 0
1 0
6 0
2 0
3 0
1 0
1 0
1 0
0 0
4 0
3 0
1 0
1 0
-2 0
-2 0
3 0
0 0
9 0
2 0
2 0
0 0
2 0
2 0
-1 0
-5 0
0 0
0 0
28 0
31 0
3 0
14 0
13 0
13 0
14 0
9 0
9 0
9 0
3 0
11 0
9 0
5 0
4 0
4 0
3 0
2 0
1 0
8 0
7 0
6 0
4 0
4 0
2 0
1 0
9 0
8 0
7 0
6 0
5 0
4 0
3 0
2 0
1 0
2 0
1 0
3 0
4 0
2 0
2 0
1 0
1 0
3 0
2 0
1 0
-5 0
-4 0
19 0
5 0
-2 0
3 0
0 0
2 0
1 0
5 0
4 0
0 0
3 0
0 0
0 0
0 0
-4 0
28 0
1 0
15 0
6 0
4 0
2 0
2 0
2 0
2 0
-2 0
1 0
1 0
-1 0
3 0
2 0
2 0
47 0
30 0
15 0
17 0
14 0
10 0
4 0
3 0
0 0
8 0
7 0
7 0
5 0
5 0
4 0
3 0
2 0
1 0
3 0
2 0
1 0
4 0
2 0
2 0
2 0
2 0
2 0
2 0
3 0
2 0
-1 0
-9 0
-12 0
1 0
1 0
1 0
0 0
1 0
4 0
7 0
2 0
3 0
3 0
2 0
1 0
1 0
3 0
1 0
1 0
8 0
2 0
1 0
1 0
10 0
2 0
11 0
-1 0
1 0
4 0
1 0
3 0
3 0
1 0
45 0
32 0
3 0
24 0
18 0
6 0
7 0
2 0
3 0
3 0
9 0
6 0
4 0
3 0
1 0
1 0
3 0
1 0
2 0
1 0
1 0
5 0
4 0
5 0
4 0
3 0
2 0
1 0
15 0
15 0
3 0
1 0
-2 0
1 0
4 0
9 0
2 0
1 0
-1 0
2 0
6 0
2 0
0 0
0 0
0 0
1 0
-1 0
6 0
13 0
7 0
9 0
4 0
5 0
4 0
3 0
1 0
2 0
2 0
2 0
1 0
1 0
0 0
25 0
10 0
12 0
4 0
8 0
81 0
26 0
25 0
14 0
10 0
1 0
4 0
2 0
26 0
28 0
16 0
15 0
10 0
10 0
3 0
5 0
0 0
0 0
0 0
0 0
1 0
19 0
-2 0
14 0
4 0
4 0
0 0
0 0
12 0
9 0
3 0
6 0
5 0
3 0
3 0
2 0
1 0
1 0
1 0
4 0
4 0
2 0
1 0
1 0
8 0
6 0
2 0
2 0
0 0
3 0
2 0
1 0
1 0
1 0
1 0
1 0
1 0
1 0
1 0
1 0
1 0
-2 0
-4 0
-5 0
-6 0
3 0
3 0
2 0
1 0
1 0
1 0
2 0
6 0
3 0
2 0
1 0
2 0
1 0
1 0
1 0
-1 0
1 0
1 0
0 0
1 0
1 0
1 0
15 0
15 0
13 0
12 0
11 0
10 0
4 0
5 0
4 0
1 0
1 0
1 0
1 0
1 0
1 0
1 0
1 0
1 0
1 0
5 0
4 0
1 0
3 0
3 0
1 0
6 0
2 0
1 0
2 0
2 0
1 0
1 0
8 0
5 0
4 0
3 0
2 0
1 0
1 0
1 0
4 0
1 0
2 0
10 0
12 0
3 0
1 0
8 0
6 0
8 0
-1 0
1 0
2 0
2 0
2 0
2 0
1 0
3 0
4 0
-1 0
4 0
2 0
1 0
1 0
1 0
4 0
14 0
7 0
8 0
1 0
0 0
5 0
5 0
3 0
3 0
1 0
8 0
7 0
4 0
3 0
1 0
2 0
1 0
7 0
4 0
4 0
1 0
3 0
2 0
1 0
1 0
477 0
121 0
16 0
7 0
6 0
4 0
9 0
-1 0
1 0
-1 0
98 0
72 0
1 0
2 0
2 0
2 0
355 0
63 0
259 0
46 0
2 0
2 0
23 0
3 0
3 0
11 0
2 0
7 0
1 0
2 0
1 0
138 0
25 0
118 0
20 0
15 0
9 0
2 0
1 0
4 0
2 0
1 0
7 0
3 0
62 0
28 0
8 0
2 0
1 0
27 0
18 0
9 0
2 0
5 0
4 0
3 0
2 0
1 0
0 0
0 0
3 0
2 0
2 0
1 0
36 0
8 0
7 0
1 0
0 0
1 0
-2 0
1 0
5 0
12 0
2 0
3 0
1 0
1 0
1 0
1 0
1 0
67 0
39 0
9 0
9 0
20 0
4 0
3 0
3 0
2 0
2 0
1 0
1 0
1 0
1 0
1 0
1 0
1 0
1 0
1 0
1 0
1 0
1 0
1 0
1 0
1 0
1 0
4 0
8 0
3 0
2 0
0 0
2 0
3 0
2 0
1 0
-3 0
-7 0
-3 0
-40 0
34 0
6 0
59 0
9 0
3 0
-14 0
-26 0
4 0
-2 0
5 0
2 0
1 0
0 0
6 0
5 0
5 0
4 0
4 0
3 0
2 0
1 0
1 0
-20 0
3 0
2 0
2 0
1 0
6 0
2 0
-29 0
-18 0
2 0
-8 0
-4 0
-21 0
-6 0
-14 0
-2 0
-9 0
9 0
2 0
-1 0
5 0
2 0
2 0
1 0
1 0
0 0
-1 0
2771 0
813 0
384 0
165 0
46 0
9 0
2 0
8 0
2 0
1 0
23 0
1 0
1 0
11 0
4 0
1 0
6 0
6 0
2 0
2 0
75 0
43 0
22 0
10 0
5 0
5 0
1 0
3 0
55 0
17 0
4 0
1 0
-1 0
7 0
-12 0
11 0
-6 0
3 0
0 0
2 0
-3 0
67 0
42 0
8 0
6 0
8 0
13 0
8 0
2 0
2 0
2 0
1 0
1 0
1 0
0 0
2278 0
544 0
188 0
29 0
4 0
5 0
2 0
31 0
10 0
1 0
9 0
0 0
0 0
67 0
15 0
2 0
10 0
1 0
3 0
1 0
2 0
2 0
1 0
1 0
1 0
1 0
1 0
228 0
7 0
3 0
476 0
137 0
10 0
19 0
1 0
1 0
7 0
7 0
1 0
1909 0
929 0
722 0
419 0
63 0
9 0
7 0
2 0
3 0
1 0
1 0
-2 0
196 0
124 0
50 0
1 0
6 0
1 0
1 0
1 0
33 0
20 0
4 0
1 0
1 0
1 0
-1 0
0 0
-1 0
553 0
230 0
25 0
69 0
33 0
2 0
1 0
15 0
11 0
10 0
4 0
15 0
1 0
1 0
257 0
209 0
91 0
1 0
17 0
28 0
5 0
-2 0
80 0
49 0
26 0
11 0
5 0
3 0
5 0
3 0
1 0
116 0
32 0
30 0
7 0
17 0
5 0
12 0
5 0
1 0
66 0
5 0
287 0
155 0
67 0
24 0
4 0
2 0
1 0
1 0
2 0
35 0
19 0
12 0
3 0
6 0
1 0
4 0
1 0
45 0
8 0
2 0
9 0
1 0
100 0
37 0
5 0
1 0
26 0
9 0
4 0
2 0
73 0
23 0
19 0
2 0
2 0
-6 0
4 0
26 0
0 0
148 0
75 0
4 0
27 0
9 0
37 0
24 0
7 0
5 0
4 0
2 0
2 0
1 0
1 0
-10 0
-6 0
-3 0
-9 0
25 0
6 0
3 0
3 0
3 0
3 0
3 0
3 0
3 0
3 0
11 0
5 0
4 0
3 0
7 0
17 0
14 0
7 0
5 0
3 0
2 0
1 0
5 0
5 0
6 0
3 0
1 0
-2 0
-3 0
-1 0
-2 0
2 0
2 0
2 0
2 0
2 0
2 0
3 0
1 0
2 0
2 0
2 0
2 0
2 0
2 0
2 0
2 0
2 0
1 0
2 0
2 0
2 0
2 0
2 0
6 0
2 0
6 0
0 0
1 0
7 0
2 0
1 0
7 0
2 0
3 0
11 0
-2 0
1 0
10 0
5 0
1 0
4 0
31 0
14 0
7 0
3 0
2 0
6 0
5 0
-1 0
0 0
10 0
5 0
4 0
2 0
39 0
36 0
8 0
4 0
8 0
4 0
1 0
1 0
1 0
1 0
1 0
1 0
3 0
1 0
4 0
2 0
3 0
1 0
1 0
1 0
1 0
1 0
1 0
1 0
1 0
1 0
2 0
1 0
1 0
1 0
1 0
1 0
1 0
1 0
1 0
1 0
1 0
1 0
1 0
1 0
1 0
1 0
1 0
1 0
1 0
1 0
1 0
1 0
1 0
1 0
1 0
4 0
3 0
1 0
1 0
1 0
1 0
1 0
1 0
1 0
1 0
1 0
1 0
1 0
1 0
1 0
1 0
1 0
1 0
1 0
1 0
1 0
1 0
2 0
1 0
1 0
1 0
1 0
1 0
1 0
1 0
1 0
1 0
1 0
1 0
2 0
1 0
0 0
1 0
1 0
1 0
1 0
1 0
1 0
1 0
1 0
1 0
1 0
1 0
1 0
1 0
1 0
1 0
1 0
1 0
1 0
3 0
1 0
2 0
1 0
-1 0
1 0
1 0
4 0
3 0
2 0
2 0
1 0
5 0
4 0
3 0
2 0
1 0
1 0
0 0
5 0
3 0
2 0
1 0
34 0
30 0
11 0
15 0
8 0
9 0
6 0
6 0
3 0
3 0
13 0
11 0
4 0
5 0
3 0
2 0
5 0
1 0
4 0
6 0
-10 0
-2 0
-2 0
1 0
-5 0
1 0
1 0
1 0
1 0
1 0
1 0
1 0
1 0
1 0
2 0
1 0
1 0
1 0
1 0
1 0
1 0
1 0
1 0
1 0
1 0
1 0
0 0
0 0
1 0
1 0
0 0
1 0
1 0
1 0
1 0
1 0
1 0
1 0
1 0
0 0
2 0
17 0
34 0
18 0
10 0
14 0
6 0
7 0
-2 0
2 0
4 0
2 0
9 0
13 0
11 0
12 0
10 0
4 0
4 0
0 0
0 0
5 0
2 0
-6 0
-7 0
0 0
-1 0
-12 0
1 0
6 0
7 0
6 0
5 0
4 0
3 0
2 0
1 0
-6 0
-3 0
0 0
0 0
2 0
2 0
0 0
0 0
-1 0
-4 0
-9 0
6 0
-2 0
1 0
-7 0
-1 0
-5 0
1 0
-2 0
2 0
-8 0
0 0
0 0
0 0
0 0
-4 0
-7 0
-1 0
-2 0
-3 0
-3 0
-5 0
3 0
3 0
-1 0
1 0
6 0
1 0
2 0
-2 0
1 0
-5 0
-1 0
-1 0
-1 0
-1 0
-1 0
-1 0
-1 0
-1 0
-1 0
-1 0
-1 0
-1 0
-1 0
-2 0
-2 0
-2 0
-2 0
-2 0
-2 0
-2 0
-1 0
1 0
-2 0
-7 0
0 0
3 0
-2 0
-14 0
-3 0
-6 0
-46 0
4 0
-7 0
-8 0
p90xeto 31
jetpackswasyes 22
hamsteronsteroids 18
Inquisitor1 16
Darcyfucker 15
Scientolojesus 14
ThatsWhatSheaSaid 14
ARealSkeleton 13
MoistDemand 13
Bunerd 12
Asuradne 11
EasternKanyeWest 11
Chuckfinley_88 10
duhhhhdoy 10
Adhiboy 9
CommanderL3 9
LarryDavidVEVO 8
OtherGuy01 8
PaigeTheGreat 8
Rpanich 8
StrangeShark408 8
TheRabidDeer 8
cascadegreen 8
desacralize 8
I-Pity-The-Fool 7
None 7
StockDealer 7
Sweet_Baby_Days 7
Tsegen 7
boduzefa 7
BunyipPouch 6
Darrison 6
Iorith 6
cattleyo 6
Casper_The_Gh0st 5
Fun_Stick 5
MacDerfus 5
Wumbo737 5
agent_raconteur 5
bojsihtekat 5
dungeon_plastered 5
eraticmercenary 5
legalygreen 5
tigerslices 5
Awoo-- 4
Daemon53 4
Jonne 4
Justliketocolour 4
Murgie 4
Notsomebeans 4
OldDrunkGhost 4
Parcus42 4
RotFox 4
Soloman212 4
Stalin_2020 4
Zer0DotFive 4
buster_casey 4
time_lord_victorious 4
vadergeek 4
-illness- 3
Bricingwolf 3
Catharas 3
ChefBroyardee 3
ChooChooRocket 3
DADDY_PLEASE_MAGA 3
DidIststststutter 3
Echous 3
Erebeon 3
HammerTime3850 3
IFapToCalamity 3
IllumyNaughty 3
MasterOfDerps 3
MelisandreStokes 3
MilaniHistorian 3
PastaSupport 3
Phillip_Spidermen 3
Richard_Horne 3
The_DonOfJustice 3
Twink4Jesus 3
Whatsthedealwithit11 3
Zanbutsu 3
Zero_Ghost24 3
Zetalus 3
amcvega 3
bosco9 3
buddha_abusa 3
byExtremis 3
canadarepubliclives 3
estrago1 3
etownzu 3
inbruges99 3
lIIlIIlllIllllIIllIl 3
merpsicle 3
milhousevh 3
mustbeslowatwork 3
novagalactic 3
oldcarfreddy 3
pewqokrsf 3
santaliqueur 3
satansbarbedcock 3
scarlett3409 3
scratchmellotron 3
snoharm 3
teddyrooseveltsfist 3
trackofalljades 3
whut-whut 3
xRyozuo 3
98977764321 2
A2B0B 2
Agamemnon323 2
BigCballer 2
BubbaTee 2
CantStalkMeAnymore 2
Chartis 2
Civil_vagina_puncher 2
CleverPerfect 2
Dances_With_Labias 2
DeathHippy 2
Elton_Jaundice 2
FreeMichaelLindsay 2
HerrLanda 2
IStoleYourSocks 2
InevitablyThickCock 2
Iohet 2
JanMichaelVincent16 2
Jaxel_MS 2
Jura52 2
KalenTamil 2
KonniMon 2
KoolKat92 2
KuriboShoeMario 2
LtGuile 2
MontanaSD 2
Mr_Qwerty_Robot 2
Mushroomer 2
ObjectiveClimate 2
OceanCyclone 2
PointlessParable 2
Pysis 2
RaoulDuke209 2
ReallyBigDeal 2
Redrum714 2
ReginaldJohnston 2
Rody2k6 2
SMF1996 2
Shakespearean_Rumba 2
SpergLordMcFappyPant 2
ThatBoogieman 2
TheJucheisLoose 2
TheKharmeleon 2
TheLadyEve 2
ThePortalsOfFrenzy 2
The_Adventurist 2
The_Bum_Diaries 2
TimeZarg 2
Torinias 2
TrekMek 2
Trevie3 2
Wajirock 2
YOBlob 2
YesNoMaybe 2
Zanford 2
_MrMeseeks 2
ameri9595 2
capitalistsanta 2
catalina1992 2
datspookyghost 2
dawiz 2
daytime 2
deathgrind 2
dogsstevens 2
edd6pi 2
elendinel 2
eviltuo 2
flyingseel 2
grammartist 2
hambog 2
havereddit 2
hihcadore 2
holypolarbear 2
ispelledthiwrong 2
jafishak011 2
jldude84 2
kaiise 2
kissingertrump 2
kmidre 2
kontekisuto 2
lddiamond 2
lessislessdouagree 2
lilacsweetener 2
logan2556 2
madmaxturbator 2
mortarstrikr 2
munniec 2
mv900 2
notToNitPick 2
ogalaga 2
oldspbice 2
pokebrah 2
shy247er 2
sirpug145 2
slickestwood 2
therealrico 2
watchy_watchman 2
wickedblight 2
xChris777 2
xplumarosax 2
yamahor 2
yourmans51 2
-CrazyAsian- 1
1stnavres 1
1tch 1
2fast2fat 1
4325r134t1frgcf4rqgv 1
4609203 1
96fps 1
A113-09 1
AGuyWithoutAUsername 1
AHrubik 1
ALAHKASAM 1
APimpNamedAPimpNamed 1
A_Flamboyant_Warlock 1
AciidHoloYEET 1
ActuallyYeah 1
Adezar 1
AdmiralSlothicus 1
Ailbe 1
AlGoreVPActionRanger 1
Alex01854 1
AlfredosSauce 1
Amstourist 1
AnAnonymousSource_ 1
Anhipon 1
AnimalChin- 1
Ankhrodium 1
Apocalypse487x 1
AriaOfTime 1
Arizonagreg 1
Arkarant 1
Auctoritate 1
Audiovore 1
Auss_man 1
AveryPlaysBass 1
Avocadoispronto 1
B1ackmanNaija 1
BDIllustrator 1
BLumDAbuSS 1
Baltael 1
Bastard_Saint 1
Batmaster1337 1
BeardedAgentMan 1
Beboprequiem 1
BeerusandChampa4ever 1
BiNumber3 1
BiblioEngineer 1
Bigb011 1
Bjornstellar 1
Blitz-Comet 1
BlueShift42 1
Bluecheeseur 1
BluntLeo 1
BobJWHenderson 1
Bodertz 1
Bonersaucey 1
Bong_Weasley 1
BrockN 1
Brodusgus 1
Broncos4ver 1
BumbleFuckDuck 1
ButtholeFondue 1
Buzzh 1
CMDR_Kaus 1
Capt_Poro_Snax 1
Caputtohsi 1
CervixWithASmile 1
ChaqPlexebo 1
Chewbacca69 1
ChiefChiefChiefChief 1
ChillSloth 1
Chm_Albert_Wesker 1
Choppergold 1
ChumleyEX 1
CoconutMochi 1
Cole3003 1
CollumMcJingleballs 1
CommieLoser 1
CommunityGurl 1
ComparitiveRhetoric 1
ConsistentRadish 1
Contramundi324 1
CougdIt 1
CountryFriedBacon 1
Crazyalexi 1
DallasDareDevil 1
DarkLordoftheSmiths 1
DarthEdgeman 1
DaydreamerRSM 1
Dcanseco 1
DeanLebowski 1
DefinatelyNotADoctor 1
Dekrow 1
Delta_Assault 1
DesignGhost 1
Dhudydbe 1
Diabolic_Edict 1
Digitalstardust 1
DiscCovered 1
DivisionXV 1
Downvotes_hype 1
DrSwolemeister 1
Dr_Girlfriend 1
DylanMarshall 1
Eclipse_101 1
EdUcat3dDinosaur 1
Edinedi 1
Eeyes_prod 1
El-0HIM 1
Emilicis 1
Endless_Vanity 1
EssamLofty 1
Eternal_Reward 1
EvaCarlisle 1
FNSam 1
FatherSquee 1
Fibution 1
Firestorm7i 1
FirstTimeWang 1
Floginim 1
Fools_Requiem 1
Fortune_Cat 1
FrankGrimesApartment 1
Frogurt429 1
Funkit 1
GaQiuPham 1
Garthmer 1
Genghis_Tr0n187 1
Ghlhr4444 1
GhostTess 1
Gluverty 1
GreenPlasticChair 1
Guardiansaiyan 1
HRBP 1
HabloEspwnol 1
Hahonryuu 1
Haloman100 1
HandsOfJazz 1
HaroldTheSpineFucker 1
HarryDresdenStaff 1
Haru17 1
Hellamerica 1
HereWeGoAgainTJ 1
HollywoodLiberal9 1
HonkyOFay 1
Hugo154 1
IHateLowBattery 1
IKHAN85 1
ILoveRegenHealth 1
I_value_my_shit_more 1
IamGodHimself 1
Idiocracyis4real 1
IllustriousGremlin 1
ImGonnaF-inSayIt 1
ImMeltingNow 1
Im_a_butthead 1
ImaginaryLetterz 1
Inactive_Account 1
IndianaBones_ 1
Individual-one 1
InsertAlinaLiOnFace 1
InvisibleLeftHand 1
IronMarauder 1
JDeegs 1
JHatter 1
JMPesce 1
Jackker 1
JamilJames 1
JayPetey 1
Jeferson9 1
JesusYouAreAnIdiot 1
Jimbo2933 1
JimmyScramblesIsHot 1
Joy2b 1
JuanRiveara 1
KING_UDYR 1
KUBSTA488 1
Kaleido88 1
Kalsifur 1
KamikazePUA 1
Kanakamao 1
KarmaScrewed 1
Kartelant 1
KingJamins 1
KingShultzIsMyWaifu 1
KittenCommunism 1
Knowbody42 1
KosstAmojan 1
Kyle1337 1
KyloTennant 1
LAlakers4life 1
LadyGilbert14 1
LeSuperNut 1
LegitPancak3 1
Leohond15 1
Leydonn 1
LilBoatThaShip 1
Lincoln_Park_Pirate 1
Long_Tetris_Piece 1
Longii88 1
LordElrondd 1
Lord_Noble 1
Los_amigos_ayudan 1
LoveFoolosophy 1
Luis_McLovin 1
LukaUrushibara 1
Lurker_MeritBadge 1
Lysergic-acid 1
MHull77 1
Manxymanx 1
ManyStaples 1
Marcaloid 1
Mastur_Of_Bait 1
MattP-14 1
Maxter_Blaster 1
MercuryChild 1
MicDrop2017 1
Microman2018 1
MintberryCruuuunch 1
Misdirected_Colors 1
MisterSlamdsack 1
MonsterRider80 1
MrK9182 1
Mr_Hyde_ 1
Murdathon3000 1
My_Dude_Whats_Up 1
NeoBokononist 1
NeuroSciCommunist 1
NeverforgetWaco 1
NextGenfuture 1
NiccoMontano 1
NightCulex 1
Nilirai 1
NineteenthJester 1
Noob3rt 1
NotSabre 1
NotYourAverageTomBoy 1
O_Apples 1
Obi-wan_Jabroni 1
Obnoxiousjimmyjames 1
Occamslaser 1
Oh_hi_doggi3 1
OpalOpiates 1
Oval_Office_Hitler 1
PA_limestoner 1
PM-Me_SteamGiftCards 1
PM_ME_TO_NOT_GIVE_UP 1
PM_ME_UR_DACHSHUND 1
PatSayJack 1
PearlSquared 1
Penny3434 1
PepeSilvia105 1
PerineumBandit 1
Ph0X 1
PorchFrog 1
Pornogamedev 1
Porpoise_Callosum 1
Prefer_Not_To_Say 1
PrequelsWereBetter 1
ProBluntRoller 1
Pyroteknik 1
Queen_Nemma 1
Ramzea 1
ReadItWithSarcasm 1
RealFakeDors 1
RealKenny 1
RecklesslyPessmystic 1
Redneckshinobi 1
Rentun 1
RetinolSupplement 1
RetroRocket80 1
Rhawk187 1
Rico7122914 1
Ripwind 1
RobertRo7e 1
Roderigue-Hortalez 1
RolfIsSonOfShepnard 1
Ruinkilledmydog 1
Runner_of_Magic 1
RussellsKettle 1
Rusty51 1
SamNesMonster 1
SavagePlutocrat 1
Saxojon 1
ScareTheRiven 1
ScoochMagooch 1
Sean-Benn_Must-die 1
Senlin_Ascended 1
SetYourGoals 1
SethWms 1
SexyWhitedemoman 1
ShamelessSoaDAShill 1
Shatty23 1
Sieggi858 1
SilverKry 1
Sinfall69 1
SirKillalot3D 1
Slippery____Pete 1
Slubgrub 1
Smithag80 1
Sof04 1
SolenoidSoldier 1
Solotwit 1
Space_Monkey85 1
SpaghettiSplinters 1
Sparky-Man 1
Spartan9567 1
Speedracer98 1
Splinter_Cat 1
Spokker 1
Sputniki 1
SteamandDream 1
StrayDogRun 1
Stumplestiltzkin 1
Stunkstank 1
SurfaceGrinder 1
Sveitsilainen 1
Swillyums 1
Synkope1 1
T3MP0_HS 1
TallulahVonDerSloot 1
TamatoaZ03h1ny 1
Tekmantwo 1
Tepigg4444 1
ThatTwoSandDemon 1
The-Great-Aku 1
TheBeijingKing 1
TheBestHuman 1
TheBluePanda 1
TheChinchilla914 1
TheMacPhisto 1
TheRETURNofAQUAMAN 1
TheRSmithExperience 1
TheRadamsmash 1
TheRecognized 1
TheSomnambulist 1
TheTinyTim 1
The_Cook- 1
The_Gooch_Goochman 1
The_Horace_Wimp 1
The_Inner_Light 1
Thedeadlypocketbrush 1
ThickWIFU 1
ThisisJacksburntsoul 1
Throw-away-8912 1
Throwaway12398085 1
Tidusx145 1
Tinribs 1
TootTootTrainTrain 1
TopsyKret5 1
Torinn88 1
Trust_Me_Im_a_Panda 1
TubbyTag 1
TubularTortoise14 1
TuxedoTurd 1
Two-One 1
TzunSu 1
Unicorn_Flame 1
UnrelatedComet 1
VDLPolo 1
Valyrian_Kobolds 1
VanAnswers 1
Vanquisher1000 1
Vendicta99 1
VestigialMe 1
Visulth 1
WCR-jv27 1
WWTFSMD 1
Wateriswet1212 1
Wes___Mantooth 1
WhenCinderFalls 1
WhompKing 1
WisecrackJack 1
WittyUsername1337 1
Xikar_Wyhart 1
YogiTheBear131 1
_AllShallPass_ 1
__TIE_Guy 1
___init_8bit___ 1
__itya 1
ac3raven 1
accuporked 1
aksumighty 1
alienshrugged 1
amardas 1
ambaritacity 1
argylande 1
as-opposed-to 1
ascension8438 1
asimplescribe 1
astrocreeper0000 1
atomic_western 1
austinbond132 1
autismo_bizmo 1
azsqueeze 1
baconnaire 1
baconshark316 1
bearrosaurus 1
benwest789 1
berwaitingatlocation 1
bikesarebomb 1
blackmagic12345 1
bloophead 1
blueSky_Runner 1
boomchongo 1
borismuller 1
br0k3nm0nk3y 1
brannonb111 1
branta 1
brentalex99 1
brodytillman69 1
brownpatriot 1
buzzpunk 1
calebdallas 1
carolinax 1
caseyfla 1
castizo 1
cccp_redr4bbit 1
cdoggums 1
cerasota 1
chadwickipedia 1
cheesyqueso 1
chrisfalcon81 1
cloudycane 1
clutchone1 1
commanderfish 1
comment_is_satire 1
connorisntwrong 1
copperholic 1
cosmiclatte44 1
crabbytag 1
crochetyhooker 1
curebaldness 1
dacrow76 1
dan_jeffers 1
danielle-in-rags 1
datacollect_ct 1
davebawx 1
deadtonguesss 1
deepsoulfunk 1
degustibus 1
demontits 1
destiny24 1
devilinblue22 1
dickheadfartface 1
dogsofwikihow 1
donkeyass5042 1
doot_bot 1
dougan25 1
dragoniteswag 1
droidtron 1
dshakir 1
duck_fisney 1
dwarfcooker 1
dyedblonde 1
dylankubrick 1
eat_healfy 1
edgyposter 1
effhomer 1
eightycool 1
enthreeoh 1
fakelarrybird 1
ferociousrickjames 1
finebristle 1
flakemasterflake 1
flamingfireworks 1
frenchdonkeyze 1
funberpen 1
funknut 1
funwillfunwill 1
garrygra 1
get_that_ass_banned 1
gleap3ead 1
gnostic-gnome 1
grandzu 1
grantrules 1
greg19735 1
grissomza 1
gyroattacker 1
hartscov 1
hereforthensfwstuff 1
heronumbertwo 1
herpderpstar 1
heyitsstevie 1
hoark_hogan 1
honeybadger21 1
hughgeffenkoch 1
iHateEmotionalist 1
idunno-- 1
iforgotmyidagain 1
igo_soccer_master 1
iliketojumpupanddown 1
ima_thankin_ya 1
imnotabus 1
imnotownedimnotowned 1
inarius2024 1
indoobitably 1
inexcess 1
ireadonthethrone 1
ise_jingu 1
ismphoto123 1
izovire 1
jameygates 1
jamrock86 1
jasonaames2018 1
jhhootii 1
jimjones1233 1
jimmybutlereatspoop 1
jncc 1
joaomlo2 1
joedude 1
jsn2918 1
justacheesyguy 1
k1n6 1
kanated 1
karpomalice 1
kelferkz 1
kickababyv2 1
kingofwale 1
kma628 1
kyranom 1
latkabanta 1
lbsi 1
lifepsycho123 1
lilahking 1
lisalisa07 1
littletoyboat 1
localvagrant 1
luci_ho 1
madbrood 1
mairodia 1
mantrap2 1
mayhap11 1
metcalsr 1
mgrier123 1
mikelock 1
mikeyHustle 1
miya316 1
moesif 1
mookmill 1
moonflamel 1
moonman2k17 1
moshlabahar 1
motionmatrix 1
mr_punchy 1
mrbarse 1
ms4 1
muaddeej 1
mud_tug 1
ncg215 1
neeesus 1
neoriply379 1
nicolascusa 1
njklein58 1
nokstar 1
noreally_bot1336 1
notMcLovin77 1
nothrithik 1
oggupito 1
oldsillybear 1
openmindedskeptic 1
orestes_ 1
oscilli-pope 1
osterlay 1
ovideos 1
packerpickens 1
pawnman99 1
peteythestink 1
pizzapiejaialai 1
potatoqualitymemory 1
privategavin 1
prngls 1
professionalnuisance 1
prollyguilty 1
proudcorazon 1
puppet_up 1
pure710 1
purple_tothe_nurple 1
quizmoat 1
raiskream 1
rand0mletterz 1
rayden202 1
readit-like-twice 1
real_bretlite_design 1
realister 1
reddog323 1
reverick 1
rgumai 1
rockkth 1
rohmerr 1
ruggednugget 1
sakudaph39 1
salami_inferno 1
saltplusonion 1
satinism 1
scurvyneville 1
seangoy 1
seanmacproductions 1
seethar 1
seriouslyFUCKthatdud 1
sidegrid 1
silaciouskrumb 1
silverhasagi 1
silviazbitch 1
skeletalMesh 1
skeliskull 1
sl600rt 1
slapdashbr 1
slobadovmalosavich 1
slumdogbillionaire 1
smokecat20 1
smokedspirit 1
smokymarsh 1
soad2237 1
soracrowe 1
spencerlevey 1
spezjackzuckthecuck 1
sporticuck 1
sportspsych 1
str8dudethrowaway 1
stumpycrawdad 1
substandardgaussian 1
sunnyjum 1
supersaiyan3trump 1
suss2it 1
swaghili-- 1
swazy 1
t0lkien1 1
taheemdream 1
tarzanboyo 1
taviebeefs 1
tdt0005 1
teh1knocker 1
terrorpaw 1
tgifmondays 1
thanks_I_HATE_IT 1
that1_guy93 1
thatsmyaibo 1
theferrit32 1
thegassypanda 1
theghostRUNNER_ 1
theguywiththeyeballs 1
thepee-peepoo-pooman 1
thirdstreetzero 1
throwawayMambo5 1
ticklegum 1
too_much_to_do 1
treeof 1
tribblesquared 1
trumpisyouremperor 1
twistedlimb 1
uCry_iLoL 1
uchizeda 1
unintendedinsult2 1
uplateatnight 1
urbanlegendary 1
varroth 1
vbcxnmz 1
viciousbreed 1
vonkelvin 1
wOlfLisK 1
wabojabo 1
wazowski96 1
wellshire 1
whoadude95 1
winnafrehs 1
wolfkhan13 1
x2Lift 1
xmaspackage 1
yavimaya_eldred 1
yettiTurds 1
yipchow 1
zambonibill21 1
zeitistback 1
zephyrinthesky28 1
